#
# A fatal error has been detected by the Java Runtime Environment:
#
#  EXCEPTION_ACCESS_VIOLATION (0xc0000005) at pc=0x00007ffd8f7c5e7b, pid=17204, tid=3008
#
# JRE version: Java(TM) SE Runtime Environment 18.9 (11.0.9+7) (build 11.0.9+7-LTS)
# Java VM: Java HotSpot(TM) 64-Bit Server VM 18.9 (11.0.9+7-LTS, mixed mode, tiered, compressed oops, g1 gc, windows-amd64)
# Problematic frame:
# V  [jvm.dll+0x5c5e7b]
#
# No core dump will be written. Minidumps are not enabled by default on client versions of Windows
#
# If you would like to submit a bug report, please visit:
#   https://bugreport.java.com/bugreport/crash.jsp
#

---------------  S U M M A R Y ------------

Command Line: -agentpath:C:/Program Files/NetBeans-11.3/netbeans/profiler/lib/deployed/jdk16/windows-amd64/profilerinterface.dll=C:\Program Files\NetBeans-11.3\netbeans\profiler\lib,5140,10 -XX:+HeapDumpOnOutOfMemoryError -XX:HeapDumpPath=C:\Users\faouz\AppData\Local\NetBeans\Cache\11.3\mavencachedirs\1801278252\org-netbeans-modules-profiler --module-path=D:\Programmes\javafx-sdk-11.0.2\lib --add-modules=javafx.controls,javafx.fxml deliverif.app.view.App

Host: AMD Ryzen 7 3750H with Radeon Vega Mobile Gfx  , 8 cores, 13G,  Windows 10 , 64 bit Build 18362 (10.0.18362.1110)
Time: Fri Dec 11 07:12:47 2020 Paris, Madrid elapsed time: 3.165345 seconds (0d 0h 0m 3s)

---------------  T H R E A D  ---------------

Current thread (0x000002259b893000):  JavaThread "*** Profiler Agent Communication Thread" daemon [_thread_in_vm, id=3008, stack(0x000000cd08300000,0x000000cd08400000)]

Stack: [0x000000cd08300000,0x000000cd08400000],  sp=0x000000cd083fef10,  free space=1019k
Native frames: (J=compiled Java code, j=interpreted, Vv=VM code, C=native code)
V  [jvm.dll+0x5c5e7b]
V  [jvm.dll+0x488610]
C  [profilerinterface.dll+0x34da]

Java frames: (J=compiled Java code, j=interpreted, Vv=VM code)
j  org.netbeans.lib.profiler.server.system.Stacks.getMethodNamesForJMethodIds(I[I[I)[B+0
j  org.netbeans.lib.profiler.server.ProfilerInterface.getMethodNamesForJMethodIds([I)Lorg/netbeans/lib/profiler/wireprotocol/MethodNamesResponse;+20
j  org.netbeans.lib.profiler.server.ProfilerServer.handleClientCommand(Lorg/netbeans/lib/profiler/wireprotocol/Command;)V+691
j  org.netbeans.lib.profiler.server.ProfilerServer.listenToClient()V+48
j  org.netbeans.lib.profiler.server.ProfilerServer.run()V+22
v  ~StubRoutines::call_stub

siginfo: EXCEPTION_ACCESS_VIOLATION (0xc0000005), reading address 0xffffffff9de12db8


Register to memory mapping:

RIP=0x00007ffd8f7c5e7b jvm.dll
RAX=0x000000cd083fef01 is pointing into the stack for thread: 0x000002259b893000
RBX=0x000000cd083ff030 is pointing into the stack for thread: 0x000002259b893000
RCX=0xffffffff9de12db8 is an unknown value
RDX=0x000002259b893000 is a thread
RSP=0x000000cd083fef10 is pointing into the stack for thread: 0x000002259b893000
RBP=0xffffffff9de12db8 is an unknown value
RSI=0x00000225f5adece0 points into unknown readable memory: 40 27 bd 8f fd 7f 00 00
RDI=0x000002259b893000 is a thread
R8 =0x000000cd083ff030 is pointing into the stack for thread: 0x000002259b893000
R9 =0x0000000000000001 is an unknown value
R10=0x0 is NULL
R11=0x000000cd083fef08 is pointing into the stack for thread: 0x000002259b893000
R12=0x000002259d3dad10 points into unknown readable memory: b8 2d e1 5d 60 d7 02 5c
R13=0x0000000000000146 is an unknown value
R14=0x00007ffded5b9c68 profilerinterface.dll
R15=0x00007ffded5b9a60 profilerinterface.dll


Registers:
RAX=0x000000cd083fef01, RBX=0x000000cd083ff030, RCX=0xffffffff9de12db8, RDX=0x000002259b893000
RSP=0x000000cd083fef10, RBP=0xffffffff9de12db8, RSI=0x00000225f5adece0, RDI=0x000002259b893000
R8 =0x000000cd083ff030, R9 =0x0000000000000001, R10=0x0000000000000000, R11=0x000000cd083fef08
R12=0x000002259d3dad10, R13=0x0000000000000146, R14=0x00007ffded5b9c68, R15=0x00007ffded5b9a60
RIP=0x00007ffd8f7c5e7b, EFLAGS=0x0000000000010286

Top of Stack: (sp=0x000000cd083fef10)
0x000000cd083fef10:   000002259b893000 00007ffd8f5a232d
0x000000cd083fef20:   000002259b893000 000000cd083ff0e8
0x000000cd083fef30:   000000cd083ff030 00007ffd8f688610
0x000000cd083fef40:   000000cd083ff030 000000cd083ff030
0x000000cd083fef50:   000002259b893340 00007ffe00199da0
0x000000cd083fef60:   000002259b893000 0000000000000000
0x000000cd083fef70:   0000022500000000 0000000000000000
0x000000cd083fef80:   0000000000000000 00007ffded5b34da
0x000000cd083fef90:   000002259b893000 ffffffff9de12db8
0x000000cd083fefa0:   0000000000000000 000002259b893340
0x000000cd083fefb0:   000002259d3dad10 000002259b893000
0x000000cd083fefc0:   0000000000000000 00000225883ec9c9
0x000000cd083fefd0:   000002259cfc9520 000002259b893000
0x000000cd083fefe0:   00000225883a9880 0000000000000000
0x000000cd083feff0:   000002259b893000 000002259cfc9520
0x000000cd083ff000:   0000000000000000 00000225883a9880 

Instructions: (pc=0x00007ffd8f7c5e7b)
0x00007ffd8f7c5e5b:   24 fe 0f 94 c0 c3 cc cc cc cc cc cc cc cc cc cc
0x00007ffd8f7c5e6b:   cc cc cc cc cc 40 53 48 83 ec 20 48 85 c9 74 24
0x00007ffd8f7c5e7b:   48 8b 19 48 85 db 74 1c 48 83 fb 37 74 16 48 8b
0x00007ffd8f7c5e8b:   13 48 8b cb ff 52 10 84 c0 74 09 48 8b c3 48 83 


Stack slot to memory mapping:
stack at sp + 0 slots: 0x000002259b893000 is a thread
stack at sp + 1 slots: 0x00007ffd8f5a232d jvm.dll
stack at sp + 2 slots: 0x000002259b893000 is a thread
stack at sp + 3 slots: 0x000000cd083ff0e8 is pointing into the stack for thread: 0x000002259b893000
stack at sp + 4 slots: 0x000000cd083ff030 is pointing into the stack for thread: 0x000002259b893000
stack at sp + 5 slots: 0x00007ffd8f688610 jvm.dll
stack at sp + 6 slots: 0x000000cd083ff030 is pointing into the stack for thread: 0x000002259b893000
stack at sp + 7 slots: 0x000000cd083ff030 is pointing into the stack for thread: 0x000002259b893000


---------------  P R O C E S S  ---------------

Threads class SMR info:
_java_thread_list=0x000002259ddea3b0, length=19, elements={
0x00000225f7bbe800, 0x00000225ff871000, 0x00000225ff87a000, 0x00000225ff8df000,
0x00000225ff8e0000, 0x00000225ff8e2000, 0x00000225ff893000, 0x00000225ff8e6000,
0x00000225ff804800, 0x000002259b893000, 0x000002259bea7000, 0x000002259c263800,
0x000002259bde9800, 0x000002259b67c800, 0x000002259bbe6800, 0x000002259bd14000,
0x000002259c2ac800, 0x000002259dde8000, 0x000002259bcb6800
}

Java Threads: ( => current thread )
  0x00000225f7bbe800 JavaThread "main" [_thread_blocked, id=15776, stack(0x000000cd07200000,0x000000cd07300000)]
  0x00000225ff871000 JavaThread "Reference Handler" daemon [_thread_blocked, id=6100, stack(0x000000cd07900000,0x000000cd07a00000)]
  0x00000225ff87a000 JavaThread "Finalizer" daemon [_thread_blocked, id=23580, stack(0x000000cd07a00000,0x000000cd07b00000)]
  0x00000225ff8df000 JavaThread "Signal Dispatcher" daemon [_thread_blocked, id=12496, stack(0x000000cd07b00000,0x000000cd07c00000)]
  0x00000225ff8e0000 JavaThread "Attach Listener" daemon [_thread_blocked, id=8324, stack(0x000000cd07c00000,0x000000cd07d00000)]
  0x00000225ff8e2000 JavaThread "C2 CompilerThread0" daemon [_thread_blocked, id=9928, stack(0x000000cd07d00000,0x000000cd07e00000)]
  0x00000225ff893000 JavaThread "C1 CompilerThread0" daemon [_thread_blocked, id=24724, stack(0x000000cd07e00000,0x000000cd07f00000)]
  0x00000225ff8e6000 JavaThread "Sweeper thread" daemon [_thread_blocked, id=22256, stack(0x000000cd07f00000,0x000000cd08000000)]
  0x00000225ff804800 JavaThread "Common-Cleaner" daemon [_thread_blocked, id=26336, stack(0x000000cd08000000,0x000000cd08100000)]
=>0x000002259b893000 JavaThread "*** Profiler Agent Communication Thread" daemon [_thread_in_vm, id=3008, stack(0x000000cd08300000,0x000000cd08400000)]
  0x000002259bea7000 JavaThread "*** JFluid Monitor thread ***" daemon [_thread_blocked, id=15780, stack(0x000000cd08400000,0x000000cd08500000)]
  0x000002259c263800 JavaThread "*** Profiler Agent Special Execution Thread 6" daemon [_thread_blocked, id=24188, stack(0x000000cd08500000,0x000000cd08600000)]
  0x000002259bde9800 JavaThread "*** Profiler Agent Special Execution Thread 10" daemon [_thread_blocked, id=17936, stack(0x000000cd08600000,0x000000cd08700000)]
  0x000002259b67c800 JavaThread "Service Thread" daemon [_thread_blocked, id=992, stack(0x000000cd08200000,0x000000cd08300000)]
  0x000002259bbe6800 JavaThread "QuantumRenderer-0" daemon [_thread_blocked, id=21836, stack(0x000000cd08800000,0x000000cd08900000)]
  0x000002259bd14000 JavaThread "InvokeLaterDispatcher" daemon [_thread_blocked, id=17044, stack(0x000000cd08100000,0x000000cd08200000)]
  0x000002259c2ac800 JavaThread "JavaFX Application Thread" [_thread_blocked, id=14784, stack(0x000000cd08b00000,0x000000cd08c00000)]
  0x000002259dde8000 JavaThread "Thread-6" daemon [_thread_blocked, id=25592, stack(0x000000cd09200000,0x000000cd09300000)]
  0x000002259bcb6800 JavaThread "JavaFX-Launcher" [_thread_blocked, id=4068, stack(0x000000cd09300000,0x000000cd09400000)]

Other Threads:
  0x00000225ff849800 VMThread "VM Thread" [stack: 0x000000cd07800000,0x000000cd07900000] [id=708]
  0x000002259bdeb000 WatcherThread [stack: 0x000000cd08700000,0x000000cd08800000] [id=10820]
  0x00000225f7bd6000 GCTaskThread "GC Thread#0" [stack: 0x000000cd07300000,0x000000cd07400000] [id=25152]
  0x000002259ddf2000 GCTaskThread "GC Thread#1" [stack: 0x000000cd09400000,0x000000cd09500000] [id=13436]
  0x000002259ddf2800 GCTaskThread "GC Thread#2" [stack: 0x000000cd09500000,0x000000cd09600000] [id=15664]
  0x000002259ddf3800 GCTaskThread "GC Thread#3" [stack: 0x000000cd09600000,0x000000cd09700000] [id=10372]
  0x000002259ddf4000 GCTaskThread "GC Thread#4" [stack: 0x000000cd09700000,0x000000cd09800000] [id=11020]
  0x000002259ddf8800 GCTaskThread "GC Thread#5" [stack: 0x000000cd09800000,0x000000cd09900000] [id=23588]
  0x00000225f7c28000 ConcurrentGCThread "G1 Main Marker" [stack: 0x000000cd07400000,0x000000cd07500000] [id=13836]
  0x00000225f7c2a800 ConcurrentGCThread "G1 Conc#0" [stack: 0x000000cd07500000,0x000000cd07600000] [id=8848]
  0x00000225ff6ad000 ConcurrentGCThread "G1 Refine#0" [stack: 0x000000cd07600000,0x000000cd07700000] [id=8672]
  0x00000225ff6ae000 ConcurrentGCThread "G1 Young RemSet Sampling" [stack: 0x000000cd07700000,0x000000cd07800000] [id=23956]

Threads with active compile tasks:

VM state:synchronizing (normal execution)

VM Mutex/Monitor currently owned by a thread:  ([mutex/lock_event])
[0x00000225f7bbaf20] Threads_lock - owner thread: 0x00000225ff849800

Heap address: 0x0000000721400000, size: 3564 MB, Compressed Oops mode: Zero based, Oop shift amount: 3
Narrow klass base: 0x0000000800000000, Narrow klass shift: 0
Compressed class space size: 1073741824 Address: 0x0000000800000000

Heap:
 garbage-first heap   total 229376K, used 13392K [0x0000000721400000, 0x0000000800000000)
  region size 1024K, 10 young (10240K), 3 survivors (3072K)
 Metaspace       used 16463K, capacity 16936K, committed 17152K, reserved 1064960K
  class space    used 1782K, capacity 1973K, committed 2048K, reserved 1048576K
Heap Regions: E=young(eden), S=young(survivor), O=old, HS=humongous(starts), HC=humongous(continues), CS=collection set, F=free, A=archive, TAMS=top-at-mark-start (previous, next)
|   0|0x0000000721400000, 0x0000000721500000, 0x0000000721500000|100%|HS|  |TAMS 0x0000000721400000, 0x0000000721400000| Complete 
|   1|0x0000000721500000, 0x0000000721600000, 0x0000000721600000|100%|HC|  |TAMS 0x0000000721500000, 0x0000000721500000| Complete 
|   2|0x0000000721600000, 0x0000000721700000, 0x0000000721700000|100%| O|  |TAMS 0x0000000721600000, 0x0000000721600000| Untracked 
|   3|0x0000000721700000, 0x0000000721800000, 0x0000000721800000|100%| O|  |TAMS 0x0000000721700000, 0x0000000721700000| Untracked 
|   4|0x0000000721800000, 0x0000000721814200, 0x0000000721900000|  7%| O|  |TAMS 0x0000000721800000, 0x0000000721800000| Untracked 
|   5|0x0000000721900000, 0x0000000721900000, 0x0000000721a00000|  0%| F|  |TAMS 0x0000000721900000, 0x0000000721900000| Untracked 
|   6|0x0000000721a00000, 0x0000000721a00000, 0x0000000721b00000|  0%| F|  |TAMS 0x0000000721a00000, 0x0000000721a00000| Untracked 
|   7|0x0000000721b00000, 0x0000000721b00000, 0x0000000721c00000|  0%| F|  |TAMS 0x0000000721b00000, 0x0000000721b00000| Untracked 
|   8|0x0000000721c00000, 0x0000000721c00000, 0x0000000721d00000|  0%| F|  |TAMS 0x0000000721c00000, 0x0000000721c00000| Untracked 
|   9|0x0000000721d00000, 0x0000000721d00000, 0x0000000721e00000|  0%| F|  |TAMS 0x0000000721d00000, 0x0000000721d00000| Untracked 
|  10|0x0000000721e00000, 0x0000000721e00000, 0x0000000721f00000|  0%| F|  |TAMS 0x0000000721e00000, 0x0000000721e00000| Untracked 
|  11|0x0000000721f00000, 0x0000000721f00000, 0x0000000722000000|  0%| F|  |TAMS 0x0000000721f00000, 0x0000000721f00000| Untracked 
|  12|0x0000000722000000, 0x0000000722000000, 0x0000000722100000|  0%| F|  |TAMS 0x0000000722000000, 0x0000000722000000| Untracked 
|  13|0x0000000722100000, 0x0000000722100000, 0x0000000722200000|  0%| F|  |TAMS 0x0000000722100000, 0x0000000722100000| Untracked 
|  14|0x0000000722200000, 0x0000000722200000, 0x0000000722300000|  0%| F|  |TAMS 0x0000000722200000, 0x0000000722200000| Untracked 
|  15|0x0000000722300000, 0x0000000722300000, 0x0000000722400000|  0%| F|  |TAMS 0x0000000722300000, 0x0000000722300000| Untracked 
|  16|0x0000000722400000, 0x0000000722400000, 0x0000000722500000|  0%| F|  |TAMS 0x0000000722400000, 0x0000000722400000| Untracked 
|  17|0x0000000722500000, 0x0000000722500000, 0x0000000722600000|  0%| F|  |TAMS 0x0000000722500000, 0x0000000722500000| Untracked 
|  18|0x0000000722600000, 0x0000000722600000, 0x0000000722700000|  0%| F|  |TAMS 0x0000000722600000, 0x0000000722600000| Untracked 
|  19|0x0000000722700000, 0x0000000722700000, 0x0000000722800000|  0%| F|  |TAMS 0x0000000722700000, 0x0000000722700000| Untracked 
|  20|0x0000000722800000, 0x0000000722800000, 0x0000000722900000|  0%| F|  |TAMS 0x0000000722800000, 0x0000000722800000| Untracked 
|  21|0x0000000722900000, 0x0000000722900000, 0x0000000722a00000|  0%| F|  |TAMS 0x0000000722900000, 0x0000000722900000| Untracked 
|  22|0x0000000722a00000, 0x0000000722a00000, 0x0000000722b00000|  0%| F|  |TAMS 0x0000000722a00000, 0x0000000722a00000| Untracked 
|  23|0x0000000722b00000, 0x0000000722b00000, 0x0000000722c00000|  0%| F|  |TAMS 0x0000000722b00000, 0x0000000722b00000| Untracked 
|  24|0x0000000722c00000, 0x0000000722c00000, 0x0000000722d00000|  0%| F|  |TAMS 0x0000000722c00000, 0x0000000722c00000| Untracked 
|  25|0x0000000722d00000, 0x0000000722d00000, 0x0000000722e00000|  0%| F|  |TAMS 0x0000000722d00000, 0x0000000722d00000| Untracked 
|  26|0x0000000722e00000, 0x0000000722e00000, 0x0000000722f00000|  0%| F|  |TAMS 0x0000000722e00000, 0x0000000722e00000| Untracked 
|  27|0x0000000722f00000, 0x0000000722f00000, 0x0000000723000000|  0%| F|  |TAMS 0x0000000722f00000, 0x0000000722f00000| Untracked 
|  28|0x0000000723000000, 0x0000000723000000, 0x0000000723100000|  0%| F|  |TAMS 0x0000000723000000, 0x0000000723000000| Untracked 
|  29|0x0000000723100000, 0x0000000723100000, 0x0000000723200000|  0%| F|  |TAMS 0x0000000723100000, 0x0000000723100000| Untracked 
|  30|0x0000000723200000, 0x0000000723200000, 0x0000000723300000|  0%| F|  |TAMS 0x0000000723200000, 0x0000000723200000| Untracked 
|  31|0x0000000723300000, 0x0000000723300000, 0x0000000723400000|  0%| F|  |TAMS 0x0000000723300000, 0x0000000723300000| Untracked 
|  32|0x0000000723400000, 0x0000000723400000, 0x0000000723500000|  0%| F|  |TAMS 0x0000000723400000, 0x0000000723400000| Untracked 
|  33|0x0000000723500000, 0x0000000723500000, 0x0000000723600000|  0%| F|  |TAMS 0x0000000723500000, 0x0000000723500000| Untracked 
|  34|0x0000000723600000, 0x0000000723600000, 0x0000000723700000|  0%| F|  |TAMS 0x0000000723600000, 0x0000000723600000| Untracked 
|  35|0x0000000723700000, 0x0000000723700000, 0x0000000723800000|  0%| F|  |TAMS 0x0000000723700000, 0x0000000723700000| Untracked 
|  36|0x0000000723800000, 0x0000000723800000, 0x0000000723900000|  0%| F|  |TAMS 0x0000000723800000, 0x0000000723800000| Untracked 
|  37|0x0000000723900000, 0x0000000723900000, 0x0000000723a00000|  0%| F|  |TAMS 0x0000000723900000, 0x0000000723900000| Untracked 
|  38|0x0000000723a00000, 0x0000000723a00000, 0x0000000723b00000|  0%| F|  |TAMS 0x0000000723a00000, 0x0000000723a00000| Untracked 
|  39|0x0000000723b00000, 0x0000000723b00000, 0x0000000723c00000|  0%| F|  |TAMS 0x0000000723b00000, 0x0000000723b00000| Untracked 
|  40|0x0000000723c00000, 0x0000000723c00000, 0x0000000723d00000|  0%| F|  |TAMS 0x0000000723c00000, 0x0000000723c00000| Untracked 
|  41|0x0000000723d00000, 0x0000000723d00000, 0x0000000723e00000|  0%| F|  |TAMS 0x0000000723d00000, 0x0000000723d00000| Untracked 
|  42|0x0000000723e00000, 0x0000000723e00000, 0x0000000723f00000|  0%| F|  |TAMS 0x0000000723e00000, 0x0000000723e00000| Untracked 
|  43|0x0000000723f00000, 0x0000000723f00000, 0x0000000724000000|  0%| F|  |TAMS 0x0000000723f00000, 0x0000000723f00000| Untracked 
|  44|0x0000000724000000, 0x0000000724000000, 0x0000000724100000|  0%| F|  |TAMS 0x0000000724000000, 0x0000000724000000| Untracked 
|  45|0x0000000724100000, 0x0000000724100000, 0x0000000724200000|  0%| F|  |TAMS 0x0000000724100000, 0x0000000724100000| Untracked 
|  46|0x0000000724200000, 0x0000000724200000, 0x0000000724300000|  0%| F|  |TAMS 0x0000000724200000, 0x0000000724200000| Untracked 
|  47|0x0000000724300000, 0x0000000724300000, 0x0000000724400000|  0%| F|  |TAMS 0x0000000724300000, 0x0000000724300000| Untracked 
|  48|0x0000000724400000, 0x0000000724400000, 0x0000000724500000|  0%| F|  |TAMS 0x0000000724400000, 0x0000000724400000| Untracked 
|  49|0x0000000724500000, 0x0000000724500000, 0x0000000724600000|  0%| F|  |TAMS 0x0000000724500000, 0x0000000724500000| Untracked 
|  50|0x0000000724600000, 0x0000000724600000, 0x0000000724700000|  0%| F|  |TAMS 0x0000000724600000, 0x0000000724600000| Untracked 
|  51|0x0000000724700000, 0x0000000724700000, 0x0000000724800000|  0%| F|  |TAMS 0x0000000724700000, 0x0000000724700000| Untracked 
|  52|0x0000000724800000, 0x0000000724800000, 0x0000000724900000|  0%| F|  |TAMS 0x0000000724800000, 0x0000000724800000| Untracked 
|  53|0x0000000724900000, 0x0000000724900000, 0x0000000724a00000|  0%| F|  |TAMS 0x0000000724900000, 0x0000000724900000| Untracked 
|  54|0x0000000724a00000, 0x0000000724a00000, 0x0000000724b00000|  0%| F|  |TAMS 0x0000000724a00000, 0x0000000724a00000| Untracked 
|  55|0x0000000724b00000, 0x0000000724b00000, 0x0000000724c00000|  0%| F|  |TAMS 0x0000000724b00000, 0x0000000724b00000| Untracked 
|  56|0x0000000724c00000, 0x0000000724c00000, 0x0000000724d00000|  0%| F|  |TAMS 0x0000000724c00000, 0x0000000724c00000| Untracked 
|  57|0x0000000724d00000, 0x0000000724d00000, 0x0000000724e00000|  0%| F|  |TAMS 0x0000000724d00000, 0x0000000724d00000| Untracked 
|  58|0x0000000724e00000, 0x0000000724e00000, 0x0000000724f00000|  0%| F|  |TAMS 0x0000000724e00000, 0x0000000724e00000| Untracked 
|  59|0x0000000724f00000, 0x0000000724f00000, 0x0000000725000000|  0%| F|  |TAMS 0x0000000724f00000, 0x0000000724f00000| Untracked 
|  60|0x0000000725000000, 0x0000000725000000, 0x0000000725100000|  0%| F|  |TAMS 0x0000000725000000, 0x0000000725000000| Untracked 
|  61|0x0000000725100000, 0x0000000725100000, 0x0000000725200000|  0%| F|  |TAMS 0x0000000725100000, 0x0000000725100000| Untracked 
|  62|0x0000000725200000, 0x0000000725200000, 0x0000000725300000|  0%| F|  |TAMS 0x0000000725200000, 0x0000000725200000| Untracked 
|  63|0x0000000725300000, 0x0000000725300000, 0x0000000725400000|  0%| F|  |TAMS 0x0000000725300000, 0x0000000725300000| Untracked 
|  64|0x0000000725400000, 0x0000000725400000, 0x0000000725500000|  0%| F|  |TAMS 0x0000000725400000, 0x0000000725400000| Untracked 
|  65|0x0000000725500000, 0x0000000725500000, 0x0000000725600000|  0%| F|  |TAMS 0x0000000725500000, 0x0000000725500000| Untracked 
|  66|0x0000000725600000, 0x0000000725600000, 0x0000000725700000|  0%| F|  |TAMS 0x0000000725600000, 0x0000000725600000| Untracked 
|  67|0x0000000725700000, 0x0000000725700000, 0x0000000725800000|  0%| F|  |TAMS 0x0000000725700000, 0x0000000725700000| Untracked 
|  68|0x0000000725800000, 0x0000000725800000, 0x0000000725900000|  0%| F|  |TAMS 0x0000000725800000, 0x0000000725800000| Untracked 
|  69|0x0000000725900000, 0x0000000725900000, 0x0000000725a00000|  0%| F|  |TAMS 0x0000000725900000, 0x0000000725900000| Untracked 
|  70|0x0000000725a00000, 0x0000000725a00000, 0x0000000725b00000|  0%| F|  |TAMS 0x0000000725a00000, 0x0000000725a00000| Untracked 
|  71|0x0000000725b00000, 0x0000000725b00000, 0x0000000725c00000|  0%| F|  |TAMS 0x0000000725b00000, 0x0000000725b00000| Untracked 
|  72|0x0000000725c00000, 0x0000000725c00000, 0x0000000725d00000|  0%| F|  |TAMS 0x0000000725c00000, 0x0000000725c00000| Untracked 
|  73|0x0000000725d00000, 0x0000000725d00000, 0x0000000725e00000|  0%| F|  |TAMS 0x0000000725d00000, 0x0000000725d00000| Untracked 
|  74|0x0000000725e00000, 0x0000000725e00000, 0x0000000725f00000|  0%| F|  |TAMS 0x0000000725e00000, 0x0000000725e00000| Untracked 
|  75|0x0000000725f00000, 0x0000000725f00000, 0x0000000726000000|  0%| F|  |TAMS 0x0000000725f00000, 0x0000000725f00000| Untracked 
|  76|0x0000000726000000, 0x0000000726000000, 0x0000000726100000|  0%| F|  |TAMS 0x0000000726000000, 0x0000000726000000| Untracked 
|  77|0x0000000726100000, 0x0000000726100000, 0x0000000726200000|  0%| F|  |TAMS 0x0000000726100000, 0x0000000726100000| Untracked 
|  78|0x0000000726200000, 0x0000000726200000, 0x0000000726300000|  0%| F|  |TAMS 0x0000000726200000, 0x0000000726200000| Untracked 
|  79|0x0000000726300000, 0x0000000726300000, 0x0000000726400000|  0%| F|  |TAMS 0x0000000726300000, 0x0000000726300000| Untracked 
|  80|0x0000000726400000, 0x0000000726400000, 0x0000000726500000|  0%| F|  |TAMS 0x0000000726400000, 0x0000000726400000| Untracked 
|  81|0x0000000726500000, 0x0000000726500000, 0x0000000726600000|  0%| F|  |TAMS 0x0000000726500000, 0x0000000726500000| Untracked 
|  82|0x0000000726600000, 0x0000000726600000, 0x0000000726700000|  0%| F|  |TAMS 0x0000000726600000, 0x0000000726600000| Untracked 
|  83|0x0000000726700000, 0x0000000726700000, 0x0000000726800000|  0%| F|  |TAMS 0x0000000726700000, 0x0000000726700000| Untracked 
|  84|0x0000000726800000, 0x0000000726800000, 0x0000000726900000|  0%| F|  |TAMS 0x0000000726800000, 0x0000000726800000| Untracked 
|  85|0x0000000726900000, 0x0000000726900000, 0x0000000726a00000|  0%| F|  |TAMS 0x0000000726900000, 0x0000000726900000| Untracked 
|  86|0x0000000726a00000, 0x0000000726a00000, 0x0000000726b00000|  0%| F|  |TAMS 0x0000000726a00000, 0x0000000726a00000| Untracked 
|  87|0x0000000726b00000, 0x0000000726b00000, 0x0000000726c00000|  0%| F|  |TAMS 0x0000000726b00000, 0x0000000726b00000| Untracked 
|  88|0x0000000726c00000, 0x0000000726c00000, 0x0000000726d00000|  0%| F|  |TAMS 0x0000000726c00000, 0x0000000726c00000| Untracked 
|  89|0x0000000726d00000, 0x0000000726d00000, 0x0000000726e00000|  0%| F|  |TAMS 0x0000000726d00000, 0x0000000726d00000| Untracked 
|  90|0x0000000726e00000, 0x0000000726e00000, 0x0000000726f00000|  0%| F|  |TAMS 0x0000000726e00000, 0x0000000726e00000| Untracked 
|  91|0x0000000726f00000, 0x0000000726f00000, 0x0000000727000000|  0%| F|  |TAMS 0x0000000726f00000, 0x0000000726f00000| Untracked 
|  92|0x0000000727000000, 0x0000000727000000, 0x0000000727100000|  0%| F|  |TAMS 0x0000000727000000, 0x0000000727000000| Untracked 
|  93|0x0000000727100000, 0x0000000727100000, 0x0000000727200000|  0%| F|  |TAMS 0x0000000727100000, 0x0000000727100000| Untracked 
|  94|0x0000000727200000, 0x0000000727200000, 0x0000000727300000|  0%| F|  |TAMS 0x0000000727200000, 0x0000000727200000| Untracked 
|  95|0x0000000727300000, 0x0000000727300000, 0x0000000727400000|  0%| F|  |TAMS 0x0000000727300000, 0x0000000727300000| Untracked 
|  96|0x0000000727400000, 0x0000000727400000, 0x0000000727500000|  0%| F|  |TAMS 0x0000000727400000, 0x0000000727400000| Untracked 
|  97|0x0000000727500000, 0x0000000727500000, 0x0000000727600000|  0%| F|  |TAMS 0x0000000727500000, 0x0000000727500000| Untracked 
|  98|0x0000000727600000, 0x0000000727600000, 0x0000000727700000|  0%| F|  |TAMS 0x0000000727600000, 0x0000000727600000| Untracked 
|  99|0x0000000727700000, 0x0000000727700000, 0x0000000727800000|  0%| F|  |TAMS 0x0000000727700000, 0x0000000727700000| Untracked 
| 100|0x0000000727800000, 0x0000000727800000, 0x0000000727900000|  0%| F|  |TAMS 0x0000000727800000, 0x0000000727800000| Untracked 
| 101|0x0000000727900000, 0x0000000727900000, 0x0000000727a00000|  0%| F|  |TAMS 0x0000000727900000, 0x0000000727900000| Untracked 
| 102|0x0000000727a00000, 0x0000000727a00000, 0x0000000727b00000|  0%| F|  |TAMS 0x0000000727a00000, 0x0000000727a00000| Untracked 
| 103|0x0000000727b00000, 0x0000000727b00000, 0x0000000727c00000|  0%| F|  |TAMS 0x0000000727b00000, 0x0000000727b00000| Untracked 
| 104|0x0000000727c00000, 0x0000000727c00000, 0x0000000727d00000|  0%| F|  |TAMS 0x0000000727c00000, 0x0000000727c00000| Untracked 
| 105|0x0000000727d00000, 0x0000000727d00000, 0x0000000727e00000|  0%| F|  |TAMS 0x0000000727d00000, 0x0000000727d00000| Untracked 
| 106|0x0000000727e00000, 0x0000000727e00000, 0x0000000727f00000|  0%| F|  |TAMS 0x0000000727e00000, 0x0000000727e00000| Untracked 
| 107|0x0000000727f00000, 0x0000000727f00000, 0x0000000728000000|  0%| F|  |TAMS 0x0000000727f00000, 0x0000000727f00000| Untracked 
| 108|0x0000000728000000, 0x0000000728000000, 0x0000000728100000|  0%| F|  |TAMS 0x0000000728000000, 0x0000000728000000| Untracked 
| 109|0x0000000728100000, 0x0000000728100000, 0x0000000728200000|  0%| F|  |TAMS 0x0000000728100000, 0x0000000728100000| Untracked 
| 110|0x0000000728200000, 0x0000000728200000, 0x0000000728300000|  0%| F|  |TAMS 0x0000000728200000, 0x0000000728200000| Untracked 
| 111|0x0000000728300000, 0x0000000728300000, 0x0000000728400000|  0%| F|  |TAMS 0x0000000728300000, 0x0000000728300000| Untracked 
| 112|0x0000000728400000, 0x0000000728400000, 0x0000000728500000|  0%| F|  |TAMS 0x0000000728400000, 0x0000000728400000| Untracked 
| 113|0x0000000728500000, 0x0000000728500000, 0x0000000728600000|  0%| F|  |TAMS 0x0000000728500000, 0x0000000728500000| Untracked 
| 114|0x0000000728600000, 0x0000000728600000, 0x0000000728700000|  0%| F|  |TAMS 0x0000000728600000, 0x0000000728600000| Untracked 
| 115|0x0000000728700000, 0x0000000728700000, 0x0000000728800000|  0%| F|  |TAMS 0x0000000728700000, 0x0000000728700000| Untracked 
| 116|0x0000000728800000, 0x0000000728800000, 0x0000000728900000|  0%| F|  |TAMS 0x0000000728800000, 0x0000000728800000| Untracked 
| 117|0x0000000728900000, 0x0000000728900000, 0x0000000728a00000|  0%| F|  |TAMS 0x0000000728900000, 0x0000000728900000| Untracked 
| 118|0x0000000728a00000, 0x0000000728a00000, 0x0000000728b00000|  0%| F|  |TAMS 0x0000000728a00000, 0x0000000728a00000| Untracked 
| 119|0x0000000728b00000, 0x0000000728b00000, 0x0000000728c00000|  0%| F|  |TAMS 0x0000000728b00000, 0x0000000728b00000| Untracked 
| 120|0x0000000728c00000, 0x0000000728c00000, 0x0000000728d00000|  0%| F|  |TAMS 0x0000000728c00000, 0x0000000728c00000| Untracked 
| 121|0x0000000728d00000, 0x0000000728d00000, 0x0000000728e00000|  0%| F|  |TAMS 0x0000000728d00000, 0x0000000728d00000| Untracked 
| 122|0x0000000728e00000, 0x0000000728e00000, 0x0000000728f00000|  0%| F|  |TAMS 0x0000000728e00000, 0x0000000728e00000| Untracked 
| 123|0x0000000728f00000, 0x0000000728f00000, 0x0000000729000000|  0%| F|  |TAMS 0x0000000728f00000, 0x0000000728f00000| Untracked 
| 124|0x0000000729000000, 0x0000000729000000, 0x0000000729100000|  0%| F|  |TAMS 0x0000000729000000, 0x0000000729000000| Untracked 
| 125|0x0000000729100000, 0x0000000729100000, 0x0000000729200000|  0%| F|  |TAMS 0x0000000729100000, 0x0000000729100000| Untracked 
| 126|0x0000000729200000, 0x0000000729200000, 0x0000000729300000|  0%| F|  |TAMS 0x0000000729200000, 0x0000000729200000| Untracked 
| 127|0x0000000729300000, 0x0000000729300000, 0x0000000729400000|  0%| F|  |TAMS 0x0000000729300000, 0x0000000729300000| Untracked 
| 128|0x0000000729400000, 0x0000000729400000, 0x0000000729500000|  0%| F|  |TAMS 0x0000000729400000, 0x0000000729400000| Untracked 
| 129|0x0000000729500000, 0x0000000729500000, 0x0000000729600000|  0%| F|  |TAMS 0x0000000729500000, 0x0000000729500000| Untracked 
| 130|0x0000000729600000, 0x0000000729600000, 0x0000000729700000|  0%| F|  |TAMS 0x0000000729600000, 0x0000000729600000| Untracked 
| 131|0x0000000729700000, 0x0000000729700000, 0x0000000729800000|  0%| F|  |TAMS 0x0000000729700000, 0x0000000729700000| Untracked 
| 132|0x0000000729800000, 0x0000000729800000, 0x0000000729900000|  0%| F|  |TAMS 0x0000000729800000, 0x0000000729800000| Untracked 
| 133|0x0000000729900000, 0x0000000729900000, 0x0000000729a00000|  0%| F|  |TAMS 0x0000000729900000, 0x0000000729900000| Untracked 
| 134|0x0000000729a00000, 0x0000000729a00000, 0x0000000729b00000|  0%| F|  |TAMS 0x0000000729a00000, 0x0000000729a00000| Untracked 
| 135|0x0000000729b00000, 0x0000000729b00000, 0x0000000729c00000|  0%| F|  |TAMS 0x0000000729b00000, 0x0000000729b00000| Untracked 
| 136|0x0000000729c00000, 0x0000000729c00000, 0x0000000729d00000|  0%| F|  |TAMS 0x0000000729c00000, 0x0000000729c00000| Untracked 
| 137|0x0000000729d00000, 0x0000000729d00000, 0x0000000729e00000|  0%| F|  |TAMS 0x0000000729d00000, 0x0000000729d00000| Untracked 
| 138|0x0000000729e00000, 0x0000000729e00000, 0x0000000729f00000|  0%| F|  |TAMS 0x0000000729e00000, 0x0000000729e00000| Untracked 
| 139|0x0000000729f00000, 0x0000000729f00000, 0x000000072a000000|  0%| F|  |TAMS 0x0000000729f00000, 0x0000000729f00000| Untracked 
| 140|0x000000072a000000, 0x000000072a000000, 0x000000072a100000|  0%| F|  |TAMS 0x000000072a000000, 0x000000072a000000| Untracked 
| 141|0x000000072a100000, 0x000000072a100000, 0x000000072a200000|  0%| F|  |TAMS 0x000000072a100000, 0x000000072a100000| Untracked 
| 142|0x000000072a200000, 0x000000072a200000, 0x000000072a300000|  0%| F|  |TAMS 0x000000072a200000, 0x000000072a200000| Untracked 
| 143|0x000000072a300000, 0x000000072a300000, 0x000000072a400000|  0%| F|  |TAMS 0x000000072a300000, 0x000000072a300000| Untracked 
| 144|0x000000072a400000, 0x000000072a400000, 0x000000072a500000|  0%| F|  |TAMS 0x000000072a400000, 0x000000072a400000| Untracked 
| 145|0x000000072a500000, 0x000000072a500000, 0x000000072a600000|  0%| F|  |TAMS 0x000000072a500000, 0x000000072a500000| Untracked 
| 146|0x000000072a600000, 0x000000072a600000, 0x000000072a700000|  0%| F|  |TAMS 0x000000072a600000, 0x000000072a600000| Untracked 
| 147|0x000000072a700000, 0x000000072a700000, 0x000000072a800000|  0%| F|  |TAMS 0x000000072a700000, 0x000000072a700000| Untracked 
| 148|0x000000072a800000, 0x000000072a800000, 0x000000072a900000|  0%| F|  |TAMS 0x000000072a800000, 0x000000072a800000| Untracked 
| 149|0x000000072a900000, 0x000000072a900000, 0x000000072aa00000|  0%| F|  |TAMS 0x000000072a900000, 0x000000072a900000| Untracked 
| 150|0x000000072aa00000, 0x000000072aa00000, 0x000000072ab00000|  0%| F|  |TAMS 0x000000072aa00000, 0x000000072aa00000| Untracked 
| 151|0x000000072ab00000, 0x000000072ab00000, 0x000000072ac00000|  0%| F|  |TAMS 0x000000072ab00000, 0x000000072ab00000| Untracked 
| 152|0x000000072ac00000, 0x000000072ac00000, 0x000000072ad00000|  0%| F|  |TAMS 0x000000072ac00000, 0x000000072ac00000| Untracked 
| 153|0x000000072ad00000, 0x000000072ad00000, 0x000000072ae00000|  0%| F|  |TAMS 0x000000072ad00000, 0x000000072ad00000| Untracked 
| 154|0x000000072ae00000, 0x000000072ae00000, 0x000000072af00000|  0%| F|  |TAMS 0x000000072ae00000, 0x000000072ae00000| Untracked 
| 155|0x000000072af00000, 0x000000072af00000, 0x000000072b000000|  0%| F|  |TAMS 0x000000072af00000, 0x000000072af00000| Untracked 
| 156|0x000000072b000000, 0x000000072b000000, 0x000000072b100000|  0%| F|  |TAMS 0x000000072b000000, 0x000000072b000000| Untracked 
| 157|0x000000072b100000, 0x000000072b100000, 0x000000072b200000|  0%| F|  |TAMS 0x000000072b100000, 0x000000072b100000| Untracked 
| 158|0x000000072b200000, 0x000000072b200000, 0x000000072b300000|  0%| F|  |TAMS 0x000000072b200000, 0x000000072b200000| Untracked 
| 159|0x000000072b300000, 0x000000072b300000, 0x000000072b400000|  0%| F|  |TAMS 0x000000072b300000, 0x000000072b300000| Untracked 
| 160|0x000000072b400000, 0x000000072b400000, 0x000000072b500000|  0%| F|  |TAMS 0x000000072b400000, 0x000000072b400000| Untracked 
| 161|0x000000072b500000, 0x000000072b500000, 0x000000072b600000|  0%| F|  |TAMS 0x000000072b500000, 0x000000072b500000| Untracked 
| 162|0x000000072b600000, 0x000000072b600000, 0x000000072b700000|  0%| F|  |TAMS 0x000000072b600000, 0x000000072b600000| Untracked 
| 163|0x000000072b700000, 0x000000072b700000, 0x000000072b800000|  0%| F|  |TAMS 0x000000072b700000, 0x000000072b700000| Untracked 
| 164|0x000000072b800000, 0x000000072b800000, 0x000000072b900000|  0%| F|  |TAMS 0x000000072b800000, 0x000000072b800000| Untracked 
| 165|0x000000072b900000, 0x000000072b900000, 0x000000072ba00000|  0%| F|  |TAMS 0x000000072b900000, 0x000000072b900000| Untracked 
| 166|0x000000072ba00000, 0x000000072ba00000, 0x000000072bb00000|  0%| F|  |TAMS 0x000000072ba00000, 0x000000072ba00000| Untracked 
| 167|0x000000072bb00000, 0x000000072bb00000, 0x000000072bc00000|  0%| F|  |TAMS 0x000000072bb00000, 0x000000072bb00000| Untracked 
| 168|0x000000072bc00000, 0x000000072bc00000, 0x000000072bd00000|  0%| F|  |TAMS 0x000000072bc00000, 0x000000072bc00000| Untracked 
| 169|0x000000072bd00000, 0x000000072bd00000, 0x000000072be00000|  0%| F|  |TAMS 0x000000072bd00000, 0x000000072bd00000| Untracked 
| 170|0x000000072be00000, 0x000000072be00000, 0x000000072bf00000|  0%| F|  |TAMS 0x000000072be00000, 0x000000072be00000| Untracked 
| 171|0x000000072bf00000, 0x000000072bf00000, 0x000000072c000000|  0%| F|  |TAMS 0x000000072bf00000, 0x000000072bf00000| Untracked 
| 172|0x000000072c000000, 0x000000072c000000, 0x000000072c100000|  0%| F|  |TAMS 0x000000072c000000, 0x000000072c000000| Untracked 
| 173|0x000000072c100000, 0x000000072c100000, 0x000000072c200000|  0%| F|  |TAMS 0x000000072c100000, 0x000000072c100000| Untracked 
| 174|0x000000072c200000, 0x000000072c200000, 0x000000072c300000|  0%| F|  |TAMS 0x000000072c200000, 0x000000072c200000| Untracked 
| 175|0x000000072c300000, 0x000000072c300000, 0x000000072c400000|  0%| F|  |TAMS 0x000000072c300000, 0x000000072c300000| Untracked 
| 176|0x000000072c400000, 0x000000072c400000, 0x000000072c500000|  0%| F|  |TAMS 0x000000072c400000, 0x000000072c400000| Untracked 
| 177|0x000000072c500000, 0x000000072c500000, 0x000000072c600000|  0%| F|  |TAMS 0x000000072c500000, 0x000000072c500000| Untracked 
| 178|0x000000072c600000, 0x000000072c600000, 0x000000072c700000|  0%| F|  |TAMS 0x000000072c600000, 0x000000072c600000| Untracked 
| 179|0x000000072c700000, 0x000000072c700000, 0x000000072c800000|  0%| F|  |TAMS 0x000000072c700000, 0x000000072c700000| Untracked 
| 180|0x000000072c800000, 0x000000072c800000, 0x000000072c900000|  0%| F|  |TAMS 0x000000072c800000, 0x000000072c800000| Untracked 
| 181|0x000000072c900000, 0x000000072c900000, 0x000000072ca00000|  0%| F|  |TAMS 0x000000072c900000, 0x000000072c900000| Untracked 
| 182|0x000000072ca00000, 0x000000072ca00000, 0x000000072cb00000|  0%| F|  |TAMS 0x000000072ca00000, 0x000000072ca00000| Untracked 
| 183|0x000000072cb00000, 0x000000072cb00000, 0x000000072cc00000|  0%| F|  |TAMS 0x000000072cb00000, 0x000000072cb00000| Untracked 
| 184|0x000000072cc00000, 0x000000072cc00000, 0x000000072cd00000|  0%| F|  |TAMS 0x000000072cc00000, 0x000000072cc00000| Untracked 
| 185|0x000000072cd00000, 0x000000072cd00000, 0x000000072ce00000|  0%| F|  |TAMS 0x000000072cd00000, 0x000000072cd00000| Untracked 
| 186|0x000000072ce00000, 0x000000072ce00000, 0x000000072cf00000|  0%| F|  |TAMS 0x000000072ce00000, 0x000000072ce00000| Untracked 
| 187|0x000000072cf00000, 0x000000072cf00000, 0x000000072d000000|  0%| F|  |TAMS 0x000000072cf00000, 0x000000072cf00000| Untracked 
| 188|0x000000072d000000, 0x000000072d000000, 0x000000072d100000|  0%| F|  |TAMS 0x000000072d000000, 0x000000072d000000| Untracked 
| 189|0x000000072d100000, 0x000000072d100000, 0x000000072d200000|  0%| F|  |TAMS 0x000000072d100000, 0x000000072d100000| Untracked 
| 190|0x000000072d200000, 0x000000072d200000, 0x000000072d300000|  0%| F|  |TAMS 0x000000072d200000, 0x000000072d200000| Untracked 
| 191|0x000000072d300000, 0x000000072d300000, 0x000000072d400000|  0%| F|  |TAMS 0x000000072d300000, 0x000000072d300000| Untracked 
| 192|0x000000072d400000, 0x000000072d400000, 0x000000072d500000|  0%| F|  |TAMS 0x000000072d400000, 0x000000072d400000| Untracked 
| 193|0x000000072d500000, 0x000000072d500000, 0x000000072d600000|  0%| F|  |TAMS 0x000000072d500000, 0x000000072d500000| Untracked 
| 194|0x000000072d600000, 0x000000072d600000, 0x000000072d700000|  0%| F|  |TAMS 0x000000072d600000, 0x000000072d600000| Untracked 
| 195|0x000000072d700000, 0x000000072d700000, 0x000000072d800000|  0%| F|  |TAMS 0x000000072d700000, 0x000000072d700000| Untracked 
| 196|0x000000072d800000, 0x000000072d800000, 0x000000072d900000|  0%| F|  |TAMS 0x000000072d800000, 0x000000072d800000| Untracked 
| 197|0x000000072d900000, 0x000000072da00000, 0x000000072da00000|100%| S|CS|TAMS 0x000000072d900000, 0x000000072d900000| Complete 
| 198|0x000000072da00000, 0x000000072db00000, 0x000000072db00000|100%| S|CS|TAMS 0x000000072da00000, 0x000000072da00000| Complete 
| 199|0x000000072db00000, 0x000000072dc00000, 0x000000072dc00000|100%| S|CS|TAMS 0x000000072db00000, 0x000000072db00000| Complete 
| 200|0x000000072dc00000, 0x000000072dc00000, 0x000000072dd00000|  0%| F|  |TAMS 0x000000072dc00000, 0x000000072dc00000| Untracked 
| 201|0x000000072dd00000, 0x000000072dd00000, 0x000000072de00000|  0%| F|  |TAMS 0x000000072dd00000, 0x000000072dd00000| Untracked 
| 202|0x000000072de00000, 0x000000072de00000, 0x000000072df00000|  0%| F|  |TAMS 0x000000072de00000, 0x000000072de00000| Untracked 
| 203|0x000000072df00000, 0x000000072df00000, 0x000000072e000000|  0%| F|  |TAMS 0x000000072df00000, 0x000000072df00000| Untracked 
| 204|0x000000072e000000, 0x000000072e000000, 0x000000072e100000|  0%| F|  |TAMS 0x000000072e000000, 0x000000072e000000| Untracked 
| 205|0x000000072e100000, 0x000000072e100000, 0x000000072e200000|  0%| F|  |TAMS 0x000000072e100000, 0x000000072e100000| Untracked 
| 206|0x000000072e200000, 0x000000072e200000, 0x000000072e300000|  0%| F|  |TAMS 0x000000072e200000, 0x000000072e200000| Untracked 
| 207|0x000000072e300000, 0x000000072e300000, 0x000000072e400000|  0%| F|  |TAMS 0x000000072e300000, 0x000000072e300000| Untracked 
| 208|0x000000072e400000, 0x000000072e400000, 0x000000072e500000|  0%| F|  |TAMS 0x000000072e400000, 0x000000072e400000| Untracked 
| 209|0x000000072e500000, 0x000000072e500000, 0x000000072e600000|  0%| F|  |TAMS 0x000000072e500000, 0x000000072e500000| Untracked 
| 210|0x000000072e600000, 0x000000072e600000, 0x000000072e700000|  0%| F|  |TAMS 0x000000072e600000, 0x000000072e600000| Untracked 
| 211|0x000000072e700000, 0x000000072e700000, 0x000000072e800000|  0%| F|  |TAMS 0x000000072e700000, 0x000000072e700000| Untracked 
| 212|0x000000072e800000, 0x000000072e800000, 0x000000072e900000|  0%| F|  |TAMS 0x000000072e800000, 0x000000072e800000| Untracked 
| 213|0x000000072e900000, 0x000000072e900000, 0x000000072ea00000|  0%| F|  |TAMS 0x000000072e900000, 0x000000072e900000| Untracked 
| 214|0x000000072ea00000, 0x000000072ea00000, 0x000000072eb00000|  0%| F|  |TAMS 0x000000072ea00000, 0x000000072ea00000| Untracked 
| 215|0x000000072eb00000, 0x000000072eb00000, 0x000000072ec00000|  0%| F|  |TAMS 0x000000072eb00000, 0x000000072eb00000| Untracked 
| 216|0x000000072ec00000, 0x000000072ec00000, 0x000000072ed00000|  0%| F|  |TAMS 0x000000072ec00000, 0x000000072ec00000| Untracked 
| 217|0x000000072ed00000, 0x000000072ed80800, 0x000000072ee00000| 50%| E|  |TAMS 0x000000072ed00000, 0x000000072ed00000| Complete 
| 218|0x000000072ee00000, 0x000000072ef00000, 0x000000072ef00000|100%| E|CS|TAMS 0x000000072ee00000, 0x000000072ee00000| Complete 
| 219|0x000000072ef00000, 0x000000072f000000, 0x000000072f000000|100%| E|CS|TAMS 0x000000072ef00000, 0x000000072ef00000| Complete 
| 220|0x000000072f000000, 0x000000072f100000, 0x000000072f100000|100%| E|CS|TAMS 0x000000072f000000, 0x000000072f000000| Complete 
| 221|0x000000072f100000, 0x000000072f200000, 0x000000072f200000|100%| E|CS|TAMS 0x000000072f100000, 0x000000072f100000| Complete 
| 222|0x000000072f200000, 0x000000072f300000, 0x000000072f300000|100%| E|CS|TAMS 0x000000072f200000, 0x000000072f200000| Complete 
| 223|0x000000072f300000, 0x000000072f400000, 0x000000072f400000|100%| E|CS|TAMS 0x000000072f300000, 0x000000072f300000| Complete 

Card table byte_map: [0x00000225f86d0000,0x00000225f8dd0000] _byte_map_base: 0x00000225f4dc6000

Marking Bits (Prev, Next): (CMBitMap*) 0x00000225f7c196d8, (CMBitMap*) 0x00000225f7c19710
 Prev Bits: [0x00000225f94d0000, 0x00000225fcc80000)
 Next Bits: [0x00000225973a0000, 0x000002259ab50000)

Polling page: 0x00000225f59d0000

Metaspace:

Usage:
  Non-class:     14.61 MB capacity,    14.34 MB ( 98%) used,   235.21 KB (  2%) free+waste,    46.81 KB ( <1%) overhead. 
      Class:      1.93 MB capacity,     1.74 MB ( 90%) used,   167.14 KB (  8%) free+waste,    23.13 KB (  1%) overhead. 
       Both:     16.54 MB capacity,    16.08 MB ( 97%) used,   402.35 KB (  2%) free+waste,    69.94 KB ( <1%) overhead. 

Virtual space:
  Non-class space:       16.00 MB reserved,      14.75 MB ( 92%) committed 
      Class space:        1.00 GB reserved,       2.00 MB ( <1%) committed 
             Both:        1.02 GB reserved,      16.75 MB (  2%) committed 

Chunk freelists:
   Non-Class:  1.63 KB
       Class:  1.38 KB
        Both:  3.00 KB

CodeHeap 'non-profiled nmethods': size=120000Kb used=477Kb max_used=477Kb free=119522Kb
 bounds [0x000002258fe70000, 0x00000225900e0000, 0x00000225973a0000]
CodeHeap 'profiled nmethods': size=120000Kb used=2305Kb max_used=2305Kb free=117694Kb
 bounds [0x0000022588940000, 0x0000022588bb0000, 0x000002258fe70000]
CodeHeap 'non-nmethods': size=5760Kb used=1192Kb max_used=1196Kb free=4567Kb
 bounds [0x00000225883a0000, 0x0000022588610000, 0x0000022588940000]
 total_blobs=1833 nmethods=1303 adapters=441
 compilation: enabled
              stopped_count=0, restarted_count=0
 full_count=0

Compilation events (10 events):
Event: 3.149 Thread 0x00000225ff893000 nmethod 1301 0x000002258fee7190 code [0x000002258fee7320, 0x000002258fee7438]
Event: 3.150 Thread 0x00000225ff893000 1302       3       java.lang.invoke.MemberName::hashCode (43 bytes)
Event: 3.151 Thread 0x00000225ff893000 nmethod 1302 0x0000022588b7de90 code [0x0000022588b7e100, 0x0000022588b7eef0]
Event: 3.151 Thread 0x00000225ff893000 1303       3       java.lang.Byte::hashCode (8 bytes)
Event: 3.151 Thread 0x00000225ff893000 nmethod 1303 0x0000022588b7f290 code [0x0000022588b7f440, 0x0000022588b7f5f8]
Event: 3.151 Thread 0x00000225ff893000 1304       3       java.lang.invoke.Invokers$Holder::linkToTargetMethod (9 bytes)
Event: 3.151 Thread 0x00000225ff893000 nmethod 1304 0x0000022588b7f690 code [0x0000022588b7f860, 0x0000022588b7fcc0]
Event: 3.151 Thread 0x00000225ff893000 1305       3       java.io.Bits::getInt (43 bytes)
Event: 3.152 Thread 0x00000225ff893000 nmethod 1305 0x0000022588b7fd90 code [0x0000022588b7ff40, 0x0000022588b80138]
Event: 3.152 Thread 0x00000225ff893000 1306       3       java.io.ObjectInputStream::readInt (8 bytes)

GC Heap History (2 events):
Event: 3.004 GC heap before
{Heap before GC invocations=0 (full 0):
 garbage-first heap   total 229376K, used 25600K [0x0000000721400000, 0x0000000800000000)
  region size 1024K, 24 young (24576K), 0 survivors (0K)
 Metaspace       used 15435K, capacity 15844K, committed 16128K, reserved 1062912K
  class space    used 1581K, capacity 1738K, committed 1792K, reserved 1048576K
}
Event: 3.012 GC heap after
{Heap after GC invocations=1 (full 0):
 garbage-first heap   total 229376K, used 7248K [0x0000000721400000, 0x0000000800000000)
  region size 1024K, 3 young (3072K), 3 survivors (3072K)
 Metaspace       used 15435K, capacity 15844K, committed 16128K, reserved 1062912K
  class space    used 1581K, capacity 1738K, committed 1792K, reserved 1048576K
}

Deoptimization events (10 events):
Event: 1.291 Thread 0x00000225f7bbe800 Uncommon trap: reason=bimorphic_or_optimized_type_check action=maybe_recompile pc=0x000002258fea1bb4 method=java.util.stream.ReferencePipeline$3$1.accept(Ljava/lang/Object;)V @ 12 c2
Event: 1.582 Thread 0x000002259b893000 Uncommon trap: reason=unstable_if action=reinterpret pc=0x000002258feb32b0 method=java.lang.String.startsWith(Ljava/lang/String;I)Z @ 1 c2
Event: 1.582 Thread 0x000002259b893000 Uncommon trap: reason=unstable_if action=reinterpret pc=0x000002258fec12b8 method=java.lang.String.startsWith(Ljava/lang/String;I)Z @ 1 c2
Event: 1.585 Thread 0x000002259b893000 Uncommon trap: reason=class_check action=maybe_recompile pc=0x000002258fe95050 method=java.util.HashMap.putVal(ILjava/lang/Object;Ljava/lang/Object;ZZ)Ljava/lang/Object; @ 152 c2
Event: 1.585 Thread 0x000002259b893000 Uncommon trap: reason=class_check action=maybe_recompile pc=0x000002258fe95050 method=java.util.HashMap.putVal(ILjava/lang/Object;Ljava/lang/Object;ZZ)Ljava/lang/Object; @ 152 c2
Event: 1.585 Thread 0x000002259b893000 Uncommon trap: reason=class_check action=maybe_recompile pc=0x000002258fe95050 method=java.util.HashMap.putVal(ILjava/lang/Object;Ljava/lang/Object;ZZ)Ljava/lang/Object; @ 152 c2
Event: 1.585 Thread 0x000002259b893000 Uncommon trap: reason=class_check action=maybe_recompile pc=0x000002258fe95050 method=java.util.HashMap.putVal(ILjava/lang/Object;Ljava/lang/Object;ZZ)Ljava/lang/Object; @ 152 c2
Event: 2.258 Thread 0x00000225f7bbe800 Uncommon trap: reason=unstable_if action=reinterpret pc=0x000002258fe74714 method=java.lang.String.isLatin1()Z @ 10 c2
Event: 2.612 Thread 0x00000225f7bbe800 Uncommon trap: reason=unstable_if action=reinterpret pc=0x000002258fed5168 method=jdk.internal.org.objectweb.asm.Frame.execute(IILjdk/internal/org/objectweb/asm/ClassWriter;Ljdk/internal/org/objectweb/asm/Item;)V @ 1 c2
Event: 3.001 Thread 0x00000225f7bbe800 Uncommon trap: reason=unstable_if action=reinterpret pc=0x000002258febb62c method=jdk.internal.org.objectweb.asm.Type.getArgumentsAndReturnSizes(Ljava/lang/String;)I @ 88 c2

Classes redefined (0 events):
No events

Internal exceptions (10 events):
Event: 2.318 Thread 0x00000225f7bbe800 Exception <a 'java/lang/NoSuchMethodError'{0x000000072e3a1bd0}: java.lang.invoke.DirectMethodHandle$Holder.invokeStatic(Ljava/lang/Object;Ljava/lang/Object;Ljava/lang/Object;Ljava/lang/Object;Ljava/lang/Object;Ljava/lang/Object;Ljava/lang/Object;Ljava/lan
Event: 2.321 Thread 0x00000225f7bbe800 Exception <a 'java/lang/NoSuchMethodError'{0x000000072e3bbe98}: java.lang.invoke.DirectMethodHandle$Holder.invokeStatic(Ljava/lang/Object;Ljava/lang/Object;Ljava/lang/Object;Ljava/lang/Object;Ljava/lang/Object;Ljava/lang/Object;Ljava/lang/Object;Ljava/lan
Event: 2.325 Thread 0x00000225f7bbe800 Exception <a 'java/lang/NoSuchMethodError'{0x000000072e3d6f50}: java.lang.invoke.DirectMethodHandle$Holder.invokeStatic(Ljava/lang/Object;Ljava/lang/Object;Ljava/lang/Object;Ljava/lang/Object;Ljava/lang/Object;Ljava/lang/Object;Ljava/lang/Object;Ljava/lan
Event: 2.773 Thread 0x00000225f7bbe800 Exception <a 'java/lang/NoSuchMethodError'{0x000000072e03ad98}: java.lang.invoke.DirectMethodHandle$Holder.invokeStaticInit(Ljava/lang/Object;Ljava/lang/Object;Ljava/lang/Object;)I> (0x000000072e03ad98) thrown at [./open/src/hotspot/share/interpreter/link
Event: 2.783 Thread 0x00000225f7bbe800 Exception <a 'java/lang/NoSuchMethodError'{0x000000072e0461a8}: java.lang.invoke.DirectMethodHandle$Holder.invokeSpecial(Ljava/lang/Object;Ljava/lang/Object;)V> (0x000000072e0461a8) thrown at [./open/src/hotspot/share/interpreter/linkResolver.cpp, line 77
Event: 2.839 Thread 0x00000225f7bbe800 Exception <a 'java/lang/NoSuchMethodError'{0x000000072dff29c8}: java.lang.invoke.DirectMethodHandle$Holder.invokeStatic(Ljava/lang/Object;Ljava/lang/Object;ILjava/lang/Object;)Ljava/lang/Object;> (0x000000072dff29c8) thrown at [./open/src/hotspot/share/in
Event: 2.840 Thread 0x00000225f7bbe800 Exception <a 'java/lang/NoSuchMethodError'{0x000000072dff9498}: java.lang.invoke.Invokers$Holder.linkToTargetMethod(Ljava/lang/Object;ILjava/lang/Object;Ljava/lang/Object;)Ljava/lang/Object;> (0x000000072dff9498) thrown at [./open/src/hotspot/share/interp
Event: 2.973 Thread 0x000002259c2ac800 Exception <a 'java/lang/NoSuchMethodError'{0x000000072dc8b468}: java.lang.invoke.DirectMethodHandle$Holder.invokeStaticInit(Ljava/lang/Object;)V> (0x000000072dc8b468) thrown at [./open/src/hotspot/share/interpreter/linkResolver.cpp, line 772]
Event: 2.978 Thread 0x00000225f7bbe800 Exception <a 'java/lang/NoSuchMethodError'{0x000000072de0c5f0}: java.lang.invoke.Invokers$Holder.linkToTargetMethod(Ljava/lang/Object;Ljava/lang/Object;Ljava/lang/Object;Ljava/lang/Object;Ljava/lang/Object;Ljava/lang/Object;)Ljava/lang/Object;> (0x0000000
Event: 3.014 Thread 0x000002259bcb6800 Exception <a 'java/lang/NoSuchMethodError'{0x000000072f384218}: java.lang.invoke.DirectMethodHandle$Holder.invokeStatic(Ljava/lang/Object;Ljava/lang/Object;Ljava/lang/Object;Ljava/lang/Object;)V> (0x000000072f384218) thrown at [./open/src/hotspot/share/in

Events (10 events):
Event: 3.147 loading class javax/xml/stream/XMLInputFactory
Event: 3.147 loading class org/netbeans/lib/profiler/wireprotocol/DumpResultsResponse
Event: 3.147 loading class org/netbeans/lib/profiler/wireprotocol/DumpResultsResponse done
Event: 3.147 loading class javax/xml/stream/XMLInputFactory done
Event: 3.147 loading class javax/xml/stream/FactoryFinder
Event: 3.148 loading class javax/xml/stream/FactoryFinder done
Event: 3.148 loading class jdk/xml/internal/SecuritySupport
Event: 3.149 loading class jdk/xml/internal/SecuritySupport done
Event: 3.150 loading class org/netbeans/lib/profiler/wireprotocol/GetMethodNamesForJMethodIdsCommand
Event: 3.151 loading class org/netbeans/lib/profiler/wireprotocol/GetMethodNamesForJMethodIdsCommand done


Dynamic libraries:
0x00007ff618420000 - 0x00007ff61842f000 	C:\Program Files\Java\jdk-11.0.9\bin\java.exe
0x00007ffe00aa0000 - 0x00007ffe00c90000 	C:\windows\SYSTEM32\ntdll.dll
0x00007ffe002e0000 - 0x00007ffe00392000 	C:\windows\System32\KERNEL32.DLL
0x00007ffdfdd00000 - 0x00007ffdfdfa5000 	C:\windows\System32\KERNELBASE.dll
0x00007ffdfe860000 - 0x00007ffdfe95a000 	C:\windows\System32\ucrtbase.dll
0x00007ffdea490000 - 0x00007ffdea4a5000 	C:\Program Files\Java\jdk-11.0.9\bin\VCRUNTIME140.dll
0x00007ffdee9d0000 - 0x00007ffdee9e8000 	C:\Program Files\Java\jdk-11.0.9\bin\jli.dll
0x00007ffdff410000 - 0x00007ffdff4b3000 	C:\windows\System32\ADVAPI32.dll
0x00007ffe00180000 - 0x00007ffe0021e000 	C:\windows\System32\msvcrt.dll
0x00007ffdff370000 - 0x00007ffdff407000 	C:\windows\System32\sechost.dll
0x00007ffdff110000 - 0x00007ffdff230000 	C:\windows\System32\RPCRT4.dll
0x00007ffe005d0000 - 0x00007ffe00764000 	C:\windows\System32\USER32.dll
0x00007ffdf08c0000 - 0x00007ffdf0b44000 	C:\windows\WinSxS\amd64_microsoft.windows.common-controls_6595b64144ccf1df_6.0.18362.1198_none_9e820b57e45ad92f\COMCTL32.dll
0x00007ffdfe740000 - 0x00007ffdfe761000 	C:\windows\System32\win32u.dll
0x00007ffdfeb50000 - 0x00007ffdfee85000 	C:\windows\System32\combase.dll
0x00007ffdff4c0000 - 0x00007ffdff4e6000 	C:\windows\System32\GDI32.dll
0x00007ffdfe960000 - 0x00007ffdfeaf6000 	C:\windows\System32\gdi32full.dll
0x00007ffdfda20000 - 0x00007ffdfdaa0000 	C:\windows\System32\bcryptPrimitives.dll
0x00007ffdfe770000 - 0x00007ffdfe80e000 	C:\windows\System32\msvcp_win.dll
0x00007ffdf5f80000 - 0x00007ffdf5f8a000 	C:\windows\SYSTEM32\VERSION.dll
0x00007ffdfee90000 - 0x00007ffdfeebe000 	C:\windows\System32\IMM32.DLL
0x00007ffdc5ef0000 - 0x00007ffdc5f8b000 	C:\Program Files\Java\jdk-11.0.9\bin\msvcp140.dll
0x00007ffd8f200000 - 0x00007ffd8fcf7000 	C:\Program Files\Java\jdk-11.0.9\bin\server\jvm.dll
0x00007ffe002d0000 - 0x00007ffe002d8000 	C:\windows\System32\PSAPI.DLL
0x00007ffdfb120000 - 0x00007ffdfb144000 	C:\windows\SYSTEM32\WINMM.dll
0x00007ffde6fe0000 - 0x00007ffde6fe9000 	C:\windows\SYSTEM32\WSOCK32.dll
0x00007ffdff230000 - 0x00007ffdff29f000 	C:\windows\System32\WS2_32.dll
0x00007ffdfb0f0000 - 0x00007ffdfb11d000 	C:\windows\SYSTEM32\WINMMBASE.dll
0x00007ffdfeb00000 - 0x00007ffdfeb4a000 	C:\windows\System32\cfgmgr32.dll
0x00007ffdfd980000 - 0x00007ffdfd991000 	C:\windows\System32\kernel.appcore.dll
0x00007ffdeeb10000 - 0x00007ffdeeb20000 	C:\Program Files\Java\jdk-11.0.9\bin\verify.dll
0x00007ffdfc310000 - 0x00007ffdfc504000 	C:\windows\SYSTEM32\DBGHELP.DLL
0x00007ffdef550000 - 0x00007ffdef57a000 	C:\windows\SYSTEM32\dbgcore.DLL
0x00007ffde34e0000 - 0x00007ffde3508000 	C:\Program Files\Java\jdk-11.0.9\bin\java.dll
0x00007ffdeea50000 - 0x00007ffdeea5a000 	C:\Program Files\Java\jdk-11.0.9\bin\jimage.dll
0x00007ffded5b0000 - 0x00007ffded5bf000 	C:\Program Files\NetBeans-11.3\netbeans\profiler\lib\deployed\jdk16\windows-amd64\profilerinterface.dll
0x00007ffdea3a0000 - 0x00007ffdea3b6000 	C:\Program Files\Java\jdk-11.0.9\bin\zip.dll
0x00007ffdff5a0000 - 0x00007ffdffc87000 	C:\windows\System32\SHELL32.dll
0x00007ffe00220000 - 0x00007ffe002c9000 	C:\windows\System32\shcore.dll
0x00007ffdfdfb0000 - 0x00007ffdfe731000 	C:\windows\System32\windows.storage.dll
0x00007ffdfd9a0000 - 0x00007ffdfd9c3000 	C:\windows\System32\profapi.dll
0x00007ffdfd9d0000 - 0x00007ffdfda1a000 	C:\windows\System32\powrprof.dll
0x00007ffdfd950000 - 0x00007ffdfd960000 	C:\windows\System32\UMPDC.dll
0x00007ffe003a0000 - 0x00007ffe003f2000 	C:\windows\System32\shlwapi.dll
0x00007ffdfe810000 - 0x00007ffdfe827000 	C:\windows\System32\cryptsp.dll
0x00007ffde6a30000 - 0x00007ffde6a49000 	C:\Program Files\Java\jdk-11.0.9\bin\net.dll
0x00007ffdf2f90000 - 0x00007ffdf3080000 	C:\windows\SYSTEM32\WINHTTP.dll
0x00007ffdfd140000 - 0x00007ffdfd1a7000 	C:\windows\system32\mswsock.dll
0x00007ffde4010000 - 0x00007ffde4022000 	C:\Program Files\Java\jdk-11.0.9\bin\nio.dll
0x00007ffde9240000 - 0x00007ffde9249000 	C:\Program Files\Java\jdk-11.0.9\bin\management.dll
0x00007ffde9120000 - 0x00007ffde912b000 	C:\Program Files\Java\jdk-11.0.9\bin\management_ext.dll
0x00007ffdfccb0000 - 0x00007ffdfcce3000 	C:\windows\system32\rsaenh.dll
0x00007ffdfe830000 - 0x00007ffdfe856000 	C:\windows\System32\bcrypt.dll
0x00007ffdfd870000 - 0x00007ffdfd895000 	C:\windows\SYSTEM32\USERENV.dll
0x00007ffdfd780000 - 0x00007ffdfd78c000 	C:\windows\SYSTEM32\CRYPTBASE.dll
0x00007ffdfce50000 - 0x00007ffdfce8a000 	C:\windows\SYSTEM32\IPHLPAPI.DLL
0x00007ffe00770000 - 0x00007ffe00778000 	C:\windows\System32\NSI.dll
0x00007ffdfc0c0000 - 0x00007ffdfc0d6000 	C:\windows\SYSTEM32\dhcpcsvc6.DLL
0x00007ffdfc0a0000 - 0x00007ffdfc0bc000 	C:\windows\SYSTEM32\dhcpcsvc.DLL
0x00007ffdfce90000 - 0x00007ffdfcf5b000 	C:\windows\SYSTEM32\DNSAPI.dll
0x000002259d990000 - 0x000002259d993000 	D:\Programmes\javafx-sdk-11.0.2\bin\api-ms-win-core-console-l1-1-0.dll
0x000002259d9a0000 - 0x000002259d9a3000 	D:\Programmes\javafx-sdk-11.0.2\bin\api-ms-win-core-datetime-l1-1-0.dll
0x000002259d9b0000 - 0x000002259d9b3000 	D:\Programmes\javafx-sdk-11.0.2\bin\api-ms-win-core-debug-l1-1-0.dll
0x000002259d9c0000 - 0x000002259d9c3000 	D:\Programmes\javafx-sdk-11.0.2\bin\api-ms-win-core-errorhandling-l1-1-0.dll
0x000002259d9d0000 - 0x000002259d9d4000 	D:\Programmes\javafx-sdk-11.0.2\bin\api-ms-win-core-file-l1-1-0.dll
0x000002259d9e0000 - 0x000002259d9e3000 	D:\Programmes\javafx-sdk-11.0.2\bin\api-ms-win-core-file-l1-2-0.dll
0x000002259d9f0000 - 0x000002259d9f3000 	D:\Programmes\javafx-sdk-11.0.2\bin\api-ms-win-core-file-l2-1-0.dll
0x000002259da00000 - 0x000002259da03000 	D:\Programmes\javafx-sdk-11.0.2\bin\api-ms-win-core-handle-l1-1-0.dll
0x000002259da10000 - 0x000002259da13000 	D:\Programmes\javafx-sdk-11.0.2\bin\api-ms-win-core-heap-l1-1-0.dll
0x000002259dc40000 - 0x000002259dc43000 	D:\Programmes\javafx-sdk-11.0.2\bin\api-ms-win-core-interlocked-l1-1-0.dll
0x000002259dc50000 - 0x000002259dc53000 	D:\Programmes\javafx-sdk-11.0.2\bin\api-ms-win-core-libraryloader-l1-1-0.dll
0x000002259da20000 - 0x000002259da23000 	D:\Programmes\javafx-sdk-11.0.2\bin\api-ms-win-core-localization-l1-2-0.dll
0x000002259da30000 - 0x000002259da33000 	D:\Programmes\javafx-sdk-11.0.2\bin\api-ms-win-core-memory-l1-1-0.dll
0x000002259da40000 - 0x000002259da43000 	D:\Programmes\javafx-sdk-11.0.2\bin\api-ms-win-core-namedpipe-l1-1-0.dll
0x000002259da50000 - 0x000002259da53000 	D:\Programmes\javafx-sdk-11.0.2\bin\api-ms-win-core-processenvironment-l1-1-0.dll
0x000002259da60000 - 0x000002259da63000 	D:\Programmes\javafx-sdk-11.0.2\bin\api-ms-win-core-processthreads-l1-1-0.dll
0x000002259da70000 - 0x000002259da73000 	D:\Programmes\javafx-sdk-11.0.2\bin\api-ms-win-core-processthreads-l1-1-1.dll
0x000002259da80000 - 0x000002259da83000 	D:\Programmes\javafx-sdk-11.0.2\bin\api-ms-win-core-profile-l1-1-0.dll
0x000002259da90000 - 0x000002259da93000 	D:\Programmes\javafx-sdk-11.0.2\bin\api-ms-win-core-rtlsupport-l1-1-0.dll
0x000002259daa0000 - 0x000002259daa3000 	D:\Programmes\javafx-sdk-11.0.2\bin\api-ms-win-core-string-l1-1-0.dll
0x000002259dab0000 - 0x000002259dab3000 	D:\Programmes\javafx-sdk-11.0.2\bin\api-ms-win-core-synch-l1-1-0.dll
0x000002259dac0000 - 0x000002259dac3000 	D:\Programmes\javafx-sdk-11.0.2\bin\api-ms-win-core-synch-l1-2-0.dll
0x000002259dad0000 - 0x000002259dad3000 	D:\Programmes\javafx-sdk-11.0.2\bin\api-ms-win-core-sysinfo-l1-1-0.dll
0x000002259dae0000 - 0x000002259dae3000 	D:\Programmes\javafx-sdk-11.0.2\bin\api-ms-win-core-timezone-l1-1-0.dll
0x000002259daf0000 - 0x000002259daf3000 	D:\Programmes\javafx-sdk-11.0.2\bin\api-ms-win-core-util-l1-1-0.dll
0x000002259db00000 - 0x000002259db03000 	D:\Programmes\javafx-sdk-11.0.2\bin\api-ms-win-crt-conio-l1-1-0.dll
0x000002259db10000 - 0x000002259db14000 	D:\Programmes\javafx-sdk-11.0.2\bin\api-ms-win-crt-convert-l1-1-0.dll
0x000002259db20000 - 0x000002259db23000 	D:\Programmes\javafx-sdk-11.0.2\bin\api-ms-win-crt-environment-l1-1-0.dll
0x000002259db30000 - 0x000002259db33000 	D:\Programmes\javafx-sdk-11.0.2\bin\api-ms-win-crt-filesystem-l1-1-0.dll
0x000002259db40000 - 0x000002259db43000 	D:\Programmes\javafx-sdk-11.0.2\bin\api-ms-win-crt-heap-l1-1-0.dll
0x000002259db50000 - 0x000002259db53000 	D:\Programmes\javafx-sdk-11.0.2\bin\api-ms-win-crt-locale-l1-1-0.dll
0x000002259db60000 - 0x000002259db65000 	D:\Programmes\javafx-sdk-11.0.2\bin\api-ms-win-crt-math-l1-1-0.dll
0x000002259db70000 - 0x000002259db75000 	D:\Programmes\javafx-sdk-11.0.2\bin\api-ms-win-crt-multibyte-l1-1-0.dll
0x000002259db80000 - 0x000002259db90000 	D:\Programmes\javafx-sdk-11.0.2\bin\api-ms-win-crt-private-l1-1-0.dll
0x000002259db90000 - 0x000002259db93000 	D:\Programmes\javafx-sdk-11.0.2\bin\api-ms-win-crt-process-l1-1-0.dll
0x000002259dba0000 - 0x000002259dba4000 	D:\Programmes\javafx-sdk-11.0.2\bin\api-ms-win-crt-runtime-l1-1-0.dll
0x000002259dbb0000 - 0x000002259dbb4000 	D:\Programmes\javafx-sdk-11.0.2\bin\api-ms-win-crt-stdio-l1-1-0.dll
0x000002259dbc0000 - 0x000002259dbc4000 	D:\Programmes\javafx-sdk-11.0.2\bin\api-ms-win-crt-string-l1-1-0.dll
0x000002259dbd0000 - 0x000002259dbd3000 	D:\Programmes\javafx-sdk-11.0.2\bin\api-ms-win-crt-time-l1-1-0.dll
0x000002259dbe0000 - 0x000002259dbe3000 	D:\Programmes\javafx-sdk-11.0.2\bin\api-ms-win-crt-utility-l1-1-0.dll
0x00007ffdc5000000 - 0x00007ffdc50fa000 	D:\Programmes\javafx-sdk-11.0.2\bin\ucrtbase.dll
0x00007ffde3860000 - 0x00007ffde3876000 	D:\Programmes\javafx-sdk-11.0.2\bin\vcruntime140.dll
0x00007ffdc5570000 - 0x00007ffdc5616000 	D:\Programmes\javafx-sdk-11.0.2\bin\msvcp140.dll
0x00007ffde2ed0000 - 0x00007ffde2f21000 	D:\Programmes\javafx-sdk-11.0.2\bin\concrt140.dll
0x00007ffde2ea0000 - 0x00007ffde2ec3000 	D:\Programmes\javafx-sdk-11.0.2\bin\prism_d3d.dll
0x00007ffdf5d60000 - 0x00007ffdf5f27000 	C:\windows\system32\d3d9.dll
0x00007ffdfbdb0000 - 0x00007ffdfbddd000 	C:\windows\SYSTEM32\dwmapi.dll
0x00007ffdfc590000 - 0x00007ffdfc5b0000 	C:\windows\SYSTEM32\dxcore.dll
0x00007ffdfb980000 - 0x00007ffdfba19000 	C:\windows\system32\uxtheme.dll
0x00007ffdf6110000 - 0x00007ffdf62e8000 	C:\windows\System32\DriverStore\FileRepository\u0356148.inf_amd64_49a476cb3d4116cb\B355990\aticfx64.dll
0x00007ffddf100000 - 0x00007ffddf131000 	C:\windows\System32\DriverStore\FileRepository\u0356148.inf_amd64_49a476cb3d4116cb\B355990\atiu9p64.dll
0x00007ffdc88e0000 - 0x00007ffdc954a000 	C:\windows\System32\DriverStore\FileRepository\u0356148.inf_amd64_49a476cb3d4116cb\B355990\atiumd64.dll
0x00007ffe00470000 - 0x00007ffe005c7000 	C:\windows\System32\ole32.dll
0x0000000062c20000 - 0x00000000639c5000 	C:\windows\System32\DriverStore\FileRepository\u0356148.inf_amd64_49a476cb3d4116cb\B355990\atiumd6a.dll
0x00007ffdf36b0000 - 0x00007ffdf36de000 	C:\windows\SYSTEM32\amdihk64.dll
0x00007ffde2b80000 - 0x00007ffde2bc5000 	D:\Programmes\javafx-sdk-11.0.2\bin\glass.dll
0x00007ffe00850000 - 0x00007ffe00920000 	C:\windows\System32\COMDLG32.dll
0x00007ffdff2a0000 - 0x00007ffdff365000 	C:\windows\System32\OLEAUT32.dll
0x00007ffe00920000 - 0x00007ffe00a55000 	C:\windows\System32\MSCTF.dll

dbghelp: loaded successfully - version: 4.0.5 - missing functions: none
symbol engine: initialized successfully - sym options: 0x614 - pdb path: .;C:\Program Files\Java\jdk-11.0.9\bin;C:\windows\SYSTEM32;C:\windows\WinSxS\amd64_microsoft.windows.common-controls_6595b64144ccf1df_6.0.18362.1198_none_9e820b57e45ad92f;C:\Program Files\Java\jdk-11.0.9\bin\server;C:\Program Files\NetBeans-11.3\netbeans\profiler\lib\deployed\jdk16\windows-amd64;D:\Programmes\javafx-sdk-11.0.2\bin;C:\windows\System32\DriverStore\FileRepository\u0356148.inf_amd64_49a476cb3d4116cb\B355990

VM Arguments:
jvm_args: -agentpath:C:/Program Files/NetBeans-11.3/netbeans/profiler/lib/deployed/jdk16/windows-amd64/profilerinterface.dll=C:\Program Files\NetBeans-11.3\netbeans\profiler\lib,5140,10 -XX:+HeapDumpOnOutOfMemoryError -XX:HeapDumpPath=C:\Users\faouz\AppData\Local\NetBeans\Cache\11.3\mavencachedirs\1801278252\org-netbeans-modules-profiler --module-path=D:\Programmes\javafx-sdk-11.0.2\lib --add-modules=javafx.controls,javafx.fxml 
java_command: deliverif.app.view.App
java_class_path (initial): D:\Documents\4IF\S1\PLD-AGILE\Projet\DELIVERIF\app\target\classes;C:\Temp\m2\repo\org\openjfx\javafx-fxml\11.0.2\javafx-fxml-11.0.2.jar;C:\Temp\m2\repo\org\openjfx\javafx-fxml\11.0.2\javafx-fxml-11.0.2-win.jar;C:\Temp\m2\repo\org\openjfx\javafx-controls\11.0.2\javafx-controls-11.0.2.jar;C:\Temp\m2\repo\org\openjfx\javafx-controls\11.0.2\javafx-controls-11.0.2-win.jar;C:\Temp\m2\repo\org\openjfx\javafx-graphics\11.0.2\javafx-graphics-11.0.2.jar;C:\Temp\m2\repo\org\openjfx\javafx-graphics\11.0.2\javafx-graphics-11.0.2-win.jar;C:\Temp\m2\repo\org\openjfx\javafx-base\11.0.2\javafx-base-11.0.2.jar;C:\Temp\m2\repo\org\openjfx\javafx-base\11.0.2\javafx-base-11.0.2-win.jar;C:\Temp\m2\repo\org\graphstream\gs-core\2.0\gs-core-2.0.jar;C:\Temp\m2\repo\org\graphstream\pherd\1.0\pherd-1.0.jar;C:\Temp\m2\repo\org\graphstream\gs-ui-javafx\2.0\gs-ui-javafx-2.0.jar
Launcher Type: SUN_STANDARD

[Global flags]
     intx CICompilerCount                          = 4                                         {product} {ergonomic}
     uint ConcGCThreads                            = 2                                         {product} {ergonomic}
     uint G1ConcRefinementThreads                  = 8                                         {product} {ergonomic}
   size_t G1HeapRegionSize                         = 1048576                                   {product} {ergonomic}
    uintx GCDrainStackTargetSize                   = 64                                        {product} {ergonomic}
     bool HeapDumpOnOutOfMemoryError               = true                                   {manageable} {command line}
    ccstr HeapDumpPath                             = C:\Users\faouz\AppData\Local\NetBeans\Cache\11.3\mavencachedirs\1801278252\org-netbeans-modules-profiler         {manageable} {command line}
   size_t InitialHeapSize                          = 234881024                                 {product} {ergonomic}
   size_t MarkStackSize                            = 4194304                                   {product} {ergonomic}
   size_t MaxHeapSize                              = 3737124864                                {product} {ergonomic}
   size_t MaxNewSize                               = 2241855488                                {product} {ergonomic}
   size_t MinHeapDeltaBytes                        = 1048576                                   {product} {ergonomic}
    uintx NonNMethodCodeHeapSize                   = 5836300                                {pd product} {ergonomic}
    uintx NonProfiledCodeHeapSize                  = 122910970                              {pd product} {ergonomic}
    uintx ProfiledCodeHeapSize                     = 122910970                              {pd product} {ergonomic}
    uintx ReservedCodeCacheSize                    = 251658240                              {pd product} {ergonomic}
     bool SegmentedCodeCache                       = true                                      {product} {ergonomic}
     bool UseCompressedClassPointers               = true                                 {lp64_product} {ergonomic}
     bool UseCompressedOops                        = true                                 {lp64_product} {ergonomic}
     bool UseG1GC                                  = true                                      {product} {ergonomic}
     bool UseLargePagesIndividualAllocation        = false                                  {pd product} {ergonomic}

Logging:
Log output configuration:
 #0: stdout all=warning uptime,level,tags
 #1: stderr all=off uptime,level,tags

Environment Variables:
JAVA_HOME=C:\Program Files\Java\jdk-11.0.9
PATH=C:\Program Files\Common Files\Oracle\Java\javapath;C:\Python38\Scripts\;C:\Python38\;C:\ProgramData\Oracle\Java\javapath;C:\Program Files (x86)\Common Files\Oracle\Java\javapath;C:\windows\system32;C:\windows;C:\windows\System32\Wbem;C:\windows\System32\WindowsPowerShell\v1.0\;C:\windows\System32\OpenSSH\;C:\Program Files (x86)\NVIDIA Corporation\PhysX\Common;C:\Program Files\NVIDIA Corporation\NVIDIA NvDLISR;C:\Program Files\MATLAB\R2019b\bin;D:\Programmes\nodejs\;C:\ProgramData\chocolatey\bin;C:\Program Files\MATLAB\R2020a\bin;C:\Program Files\swipl\bin;C:\Program Files\Git\cmd;C:\Program Files\Java\javafx-sdk-11.0.2\bin;C:\Program Files\Java\jdk1.8.0_102\bin;C:\Program Files\Common Files\Oracle\Java\javapath;C:\Python38\Scripts\;C:\Python38\;C:\ProgramData\Oracle\Java\javapath;C:\Program Files (x86)\Common Files\Oracle\Java\javapath;C:\windows\system32;C:\windows;C:\windows\System32\Wbem;C:\windows\System32\WindowsPowerShell\v1.0\;C:\windows\System32\OpenSSH\;C:\Program Files (x86)\NVIDIA Corporation\PhysX\Common;C:\Program Files\NVIDIA Corporation\NVIDIA NvDLISR;C:\Program Files\MATLAB\R2019b\bin;D:\Programmes\nodejs\;C:\ProgramData\chocolatey\bin;C:\Program Files\MATLAB\R2020a\bin;C:\Program Files\swipl\bin;C:\Program Files\Git\cmd;C:\Program Files\Java\javafx-sdk-11.0.2\bin;;C:\Users\faouz\AppData\Roaming\TinyTeX\bin\win32;C:\Users\faouz\AppData\Roaming\npm;C:\FFMPEG\bin;;D:\Programmes\Microsoft VS Code\bin
USERNAME=faouz
OS=Windows_NT
PROCESSOR_IDENTIFIER=AMD64 Family 23 Model 24 Stepping 1, AuthenticAMD



---------------  S Y S T E M  ---------------

OS: Windows 10 , 64 bit Build 18362 (10.0.18362.1110)

CPU:total 8 (initial active 8) (8 cores per cpu, 2 threads per core) family 23 model 24 stepping 1, cmov, cx8, fxsr, mmx, sse, sse2, sse3, ssse3, sse4.1, sse4.2, popcnt, avx, avx2, aes, clmul, mmxext, 3dnowpref, lzcnt, sse4a, ht, tsc, tscinvbit, tscinv, bmi1, bmi2, adx, sha, fma

Memory: 4k page, system-wide physical 14253M (6688M free)
TotalPageFile size 19466M (AvailPageFile size 5235M)
current process WorkingSet (physical memory assigned to process): 118M, peak: 118M
current process commit charge ("private bytes"): 368M, peak: 370M

vm_info: Java HotSpot(TM) 64-Bit Server VM (11.0.9+7-LTS) for windows-amd64 JRE (11.0.9+7-LTS), built on Sep 15 2020 16:47:03 by "mach5one" with MS VC++ 15.9 (VS2017)

END.
