#
# A fatal error has been detected by the Java Runtime Environment:
#
#  EXCEPTION_ACCESS_VIOLATION (0xc0000005) at pc=0x00007ffd8f7c5e7b, pid=10544, tid=4356
#
# JRE version: Java(TM) SE Runtime Environment 18.9 (11.0.9+7) (build 11.0.9+7-LTS)
# Java VM: Java HotSpot(TM) 64-Bit Server VM 18.9 (11.0.9+7-LTS, mixed mode, tiered, compressed oops, g1 gc, windows-amd64)
# Problematic frame:
# V  [jvm.dll+0x5c5e7b]
#
# No core dump will be written. Minidumps are not enabled by default on client versions of Windows
#
# If you would like to submit a bug report, please visit:
#   https://bugreport.java.com/bugreport/crash.jsp
#

---------------  S U M M A R Y ------------

Command Line: -agentpath:C:/Program Files/NetBeans-11.3/netbeans/profiler/lib/deployed/jdk16/windows-amd64/profilerinterface.dll=C:\Program Files\NetBeans-11.3\netbeans\profiler\lib,5140,10 -XX:+HeapDumpOnOutOfMemoryError -XX:HeapDumpPath=C:\Users\faouz\AppData\Local\NetBeans\Cache\11.3\mavencachedirs\1801278252\org-netbeans-modules-profiler --module-path=D:\Programmes\javafx-sdk-11.0.2\lib --add-modules=javafx.controls,javafx.fxml deliverif.app.view.App

Host: AMD Ryzen 7 3750H with Radeon Vega Mobile Gfx  , 8 cores, 13G,  Windows 10 , 64 bit Build 18362 (10.0.18362.1110)
Time: Fri Dec 11 07:21:17 2020 Paris, Madrid elapsed time: 3.156617 seconds (0d 0h 0m 3s)

---------------  T H R E A D  ---------------

Current thread (0x000001da54ead800):  JavaThread "*** Profiler Agent Communication Thread" daemon [_thread_in_vm, id=4356, stack(0x000000bdea900000,0x000000bdeaa00000)]

Stack: [0x000000bdea900000,0x000000bdeaa00000],  sp=0x000000bdea9ff320,  free space=1020k
Native frames: (J=compiled Java code, j=interpreted, Vv=VM code, C=native code)
V  [jvm.dll+0x5c5e7b]
V  [jvm.dll+0x488610]
C  [profilerinterface.dll+0x34da]

Java frames: (J=compiled Java code, j=interpreted, Vv=VM code)
j  org.netbeans.lib.profiler.server.system.Stacks.getMethodNamesForJMethodIds(I[I[I)[B+0
j  org.netbeans.lib.profiler.server.ProfilerInterface.getMethodNamesForJMethodIds([I)Lorg/netbeans/lib/profiler/wireprotocol/MethodNamesResponse;+20
j  org.netbeans.lib.profiler.server.ProfilerServer.handleClientCommand(Lorg/netbeans/lib/profiler/wireprotocol/Command;)V+691
j  org.netbeans.lib.profiler.server.ProfilerServer.listenToClient()V+48
j  org.netbeans.lib.profiler.server.ProfilerServer.run()V+22
v  ~StubRoutines::call_stub

siginfo: EXCEPTION_ACCESS_VIOLATION (0xc0000005), reading address 0x00000000555f1910


Register to memory mapping:

RIP=0x00007ffd8f7c5e7b jvm.dll
RAX=0x000000bdea9ff301 is pointing into the stack for thread: 0x000001da54ead800
RBX=0x000000bdea9ff440 is pointing into the stack for thread: 0x000001da54ead800
RCX=0x00000000555f1910 is an unknown value
RDX=0x000001da54ead800 is a thread
RSP=0x000000bdea9ff320 is pointing into the stack for thread: 0x000001da54ead800
RBP=0x00000000555f1910 is an unknown value
RSI=0x000001da2f3d5cf0 points into unknown readable memory: 40 27 bd 8f fd 7f 00 00
RDI=0x000001da54ead800 is a thread
R8 =0x000000bdea9ff440 is pointing into the stack for thread: 0x000001da54ead800
R9 =0x0000000000000001 is an unknown value
R10=0x0 is NULL
R11=0x000000bdea9ff318 is pointing into the stack for thread: 0x000001da54ead800
R12=0x000001da56a472d0 points into unknown readable memory: 10 19 5f 15 c8 9f ac 13
R13=0x0000000000000146 is an unknown value
R14=0x00007ffdea3a9c68 profilerinterface.dll
R15=0x00007ffdea3a9a60 profilerinterface.dll


Registers:
RAX=0x000000bdea9ff301, RBX=0x000000bdea9ff440, RCX=0x00000000555f1910, RDX=0x000001da54ead800
RSP=0x000000bdea9ff320, RBP=0x00000000555f1910, RSI=0x000001da2f3d5cf0, RDI=0x000001da54ead800
R8 =0x000000bdea9ff440, R9 =0x0000000000000001, R10=0x0000000000000000, R11=0x000000bdea9ff318
R12=0x000001da56a472d0, R13=0x0000000000000146, R14=0x00007ffdea3a9c68, R15=0x00007ffdea3a9a60
RIP=0x00007ffd8f7c5e7b, EFLAGS=0x0000000000010202

Top of Stack: (sp=0x000000bdea9ff320)
0x000000bdea9ff320:   000001da54ead800 00007ffd8f5a232d
0x000000bdea9ff330:   000001da54ead800 000000bdea9ff4f8
0x000000bdea9ff340:   000000bdea9ff440 00007ffd8f688610
0x000000bdea9ff350:   000000bdea9ff440 000000bdea9ff440
0x000000bdea9ff360:   000001da54eadb40 00007ffe00199da0
0x000000bdea9ff370:   000001da54ead800 0000000000000000
0x000000bdea9ff380:   000001da00000000 0000000000000000
0x000000bdea9ff390:   0000000000000000 00007ffdea3a34da
0x000000bdea9ff3a0:   000001da54ead800 00000000555f1910
0x000000bdea9ff3b0:   0000000000000000 000001da54eadb40
0x000000bdea9ff3c0:   000001da56a472d0 000001da54ead800
0x000000bdea9ff3d0:   0000000000000000 000001da3990c9c9
0x000000bdea9ff3e0:   000001da566892f8 000001da54ead800
0x000000bdea9ff3f0:   000001da398c9880 0000000000000000
0x000000bdea9ff400:   000001da54ead800 000001da566892f8
0x000000bdea9ff410:   0000000000000000 000001da398c9880 

Instructions: (pc=0x00007ffd8f7c5e7b)
0x00007ffd8f7c5e5b:   24 fe 0f 94 c0 c3 cc cc cc cc cc cc cc cc cc cc
0x00007ffd8f7c5e6b:   cc cc cc cc cc 40 53 48 83 ec 20 48 85 c9 74 24
0x00007ffd8f7c5e7b:   48 8b 19 48 85 db 74 1c 48 83 fb 37 74 16 48 8b
0x00007ffd8f7c5e8b:   13 48 8b cb ff 52 10 84 c0 74 09 48 8b c3 48 83 


Stack slot to memory mapping:
stack at sp + 0 slots: 0x000001da54ead800 is a thread
stack at sp + 1 slots: 0x00007ffd8f5a232d jvm.dll
stack at sp + 2 slots: 0x000001da54ead800 is a thread
stack at sp + 3 slots: 0x000000bdea9ff4f8 is pointing into the stack for thread: 0x000001da54ead800
stack at sp + 4 slots: 0x000000bdea9ff440 is pointing into the stack for thread: 0x000001da54ead800
stack at sp + 5 slots: 0x00007ffd8f688610 jvm.dll
stack at sp + 6 slots: 0x000000bdea9ff440 is pointing into the stack for thread: 0x000001da54ead800
stack at sp + 7 slots: 0x000000bdea9ff440 is pointing into the stack for thread: 0x000001da54ead800


---------------  P R O C E S S  ---------------

Threads class SMR info:
_java_thread_list=0x000001da55257c40, length=20, elements={
0x000001da31450000, 0x000001da5443c800, 0x000001da54445800, 0x000001da544ac800,
0x000001da544ad800, 0x000001da544b0000, 0x000001da5445d800, 0x000001da544bb000,
0x000001da5463b800, 0x000001da54ead800, 0x000001da546c0800, 0x000001da546be000,
0x000001da549bc800, 0x000001da553f4800, 0x000001da55cec000, 0x000001da555e8000,
0x000001da55379000, 0x000001da57723800, 0x000001da55026800, 0x000001da55024000
}

Java Threads: ( => current thread )
  0x000001da31450000 JavaThread "main" [_thread_blocked, id=16808, stack(0x000000bde9800000,0x000000bde9900000)]
  0x000001da5443c800 JavaThread "Reference Handler" daemon [_thread_blocked, id=23528, stack(0x000000bde9f00000,0x000000bdea000000)]
  0x000001da54445800 JavaThread "Finalizer" daemon [_thread_blocked, id=13336, stack(0x000000bdea000000,0x000000bdea100000)]
  0x000001da544ac800 JavaThread "Signal Dispatcher" daemon [_thread_blocked, id=26252, stack(0x000000bdea100000,0x000000bdea200000)]
  0x000001da544ad800 JavaThread "Attach Listener" daemon [_thread_blocked, id=13708, stack(0x000000bdea200000,0x000000bdea300000)]
  0x000001da544b0000 JavaThread "C2 CompilerThread0" daemon [_thread_blocked, id=12236, stack(0x000000bdea300000,0x000000bdea400000)]
  0x000001da5445d800 JavaThread "C1 CompilerThread0" daemon [_thread_blocked, id=25132, stack(0x000000bdea400000,0x000000bdea500000)]
  0x000001da544bb000 JavaThread "Sweeper thread" daemon [_thread_blocked, id=20000, stack(0x000000bdea500000,0x000000bdea600000)]
  0x000001da5463b800 JavaThread "Common-Cleaner" daemon [_thread_blocked, id=5248, stack(0x000000bdea600000,0x000000bdea700000)]
=>0x000001da54ead800 JavaThread "*** Profiler Agent Communication Thread" daemon [_thread_in_vm, id=4356, stack(0x000000bdea900000,0x000000bdeaa00000)]
  0x000001da546c0800 JavaThread "*** JFluid Monitor thread ***" daemon [_thread_blocked, id=17332, stack(0x000000bdea700000,0x000000bdea800000)]
  0x000001da546be000 JavaThread "*** Profiler Agent Special Execution Thread 6" daemon [_thread_blocked, id=12588, stack(0x000000bdea800000,0x000000bdea900000)]
  0x000001da549bc800 JavaThread "*** Profiler Agent Special Execution Thread 10" daemon [_thread_blocked, id=8436, stack(0x000000bdeac00000,0x000000bdead00000)]
  0x000001da553f4800 JavaThread "Service Thread" daemon [_thread_blocked, id=13904, stack(0x000000bdeaa00000,0x000000bdeab00000)]
  0x000001da55cec000 JavaThread "QuantumRenderer-0" daemon [_thread_blocked, id=11848, stack(0x000000bdead00000,0x000000bdeae00000)]
  0x000001da555e8000 JavaThread "C2 CompilerThread1" daemon [_thread_blocked, id=26164, stack(0x000000bdeae00000,0x000000bdeaf00000)]
  0x000001da55379000 JavaThread "InvokeLaterDispatcher" daemon [_thread_blocked, id=25736, stack(0x000000bdeb100000,0x000000bdeb200000)]
  0x000001da57723800 JavaThread "JavaFX Application Thread" [_thread_blocked, id=18064, stack(0x000000bdeb200000,0x000000bdeb300000)]
  0x000001da55026800 JavaThread "Thread-6" daemon [_thread_blocked, id=8240, stack(0x000000bdebd00000,0x000000bdebe00000)]
  0x000001da55024000 JavaThread "JavaFX-Launcher" [_thread_blocked, id=24712, stack(0x000000bdebe00000,0x000000bdebf00000)]

Other Threads:
  0x000001da54417000 VMThread "VM Thread" [stack: 0x000000bde9e00000,0x000000bde9f00000] [id=24508]
  0x000001da549bd800 WatcherThread [stack: 0x000000bdeab00000,0x000000bdeac00000] [id=22040]
  0x000001da31463000 GCTaskThread "GC Thread#0" [stack: 0x000000bde9900000,0x000000bde9a00000] [id=3800]
  0x000001da559f2000 GCTaskThread "GC Thread#1" [stack: 0x000000bdeb900000,0x000000bdeba00000] [id=26492]
  0x000001da559f3000 GCTaskThread "GC Thread#2" [stack: 0x000000bdeba00000,0x000000bdebb00000] [id=22696]
  0x000001da553ac800 GCTaskThread "GC Thread#3" [stack: 0x000000bdebb00000,0x000000bdebc00000] [id=24160]
  0x000001da553ad800 GCTaskThread "GC Thread#4" [stack: 0x000000bdebc00000,0x000000bdebd00000] [id=11792]
  0x000001da314b5800 ConcurrentGCThread "G1 Main Marker" [stack: 0x000000bde9a00000,0x000000bde9b00000] [id=19424]
  0x000001da314b7800 ConcurrentGCThread "G1 Conc#0" [stack: 0x000000bde9b00000,0x000000bde9c00000] [id=11164]
  0x000001da53a7a800 ConcurrentGCThread "G1 Refine#0" [stack: 0x000000bde9c00000,0x000000bde9d00000] [id=2308]
  0x000001da53a7b000 ConcurrentGCThread "G1 Young RemSet Sampling" [stack: 0x000000bde9d00000,0x000000bde9e00000] [id=16488]

Threads with active compile tasks:

VM state:synchronizing (normal execution)

VM Mutex/Monitor currently owned by a thread:  ([mutex/lock_event])
[0x000001da3144d670] Threads_lock - owner thread: 0x000001da54417000

Heap address: 0x0000000721400000, size: 3564 MB, Compressed Oops mode: Zero based, Oop shift amount: 3
Narrow klass base: 0x0000000800000000, Narrow klass shift: 0
Compressed class space size: 1073741824 Address: 0x0000000800000000

Heap:
 garbage-first heap   total 229376K, used 12740K [0x0000000721400000, 0x0000000800000000)
  region size 1024K, 9 young (9216K), 3 survivors (3072K)
 Metaspace       used 15868K, capacity 16271K, committed 16512K, reserved 1064960K
  class space    used 1667K, capacity 1838K, committed 1920K, reserved 1048576K
Heap Regions: E=young(eden), S=young(survivor), O=old, HS=humongous(starts), HC=humongous(continues), CS=collection set, F=free, A=archive, TAMS=top-at-mark-start (previous, next)
|   0|0x0000000721400000, 0x0000000721500000, 0x0000000721500000|100%|HS|  |TAMS 0x0000000721400000, 0x0000000721400000| Complete 
|   1|0x0000000721500000, 0x0000000721600000, 0x0000000721600000|100%|HC|  |TAMS 0x0000000721500000, 0x0000000721500000| Complete 
|   2|0x0000000721600000, 0x0000000721700000, 0x0000000721700000|100%| O|  |TAMS 0x0000000721600000, 0x0000000721600000| Untracked 
|   3|0x0000000721700000, 0x0000000721800000, 0x0000000721800000|100%| O|  |TAMS 0x0000000721700000, 0x0000000721700000| Untracked 
|   4|0x0000000721800000, 0x0000000721871200, 0x0000000721900000| 44%| O|  |TAMS 0x0000000721800000, 0x0000000721800000| Untracked 
|   5|0x0000000721900000, 0x0000000721900000, 0x0000000721a00000|  0%| F|  |TAMS 0x0000000721900000, 0x0000000721900000| Untracked 
|   6|0x0000000721a00000, 0x0000000721a00000, 0x0000000721b00000|  0%| F|  |TAMS 0x0000000721a00000, 0x0000000721a00000| Untracked 
|   7|0x0000000721b00000, 0x0000000721b00000, 0x0000000721c00000|  0%| F|  |TAMS 0x0000000721b00000, 0x0000000721b00000| Untracked 
|   8|0x0000000721c00000, 0x0000000721c00000, 0x0000000721d00000|  0%| F|  |TAMS 0x0000000721c00000, 0x0000000721c00000| Untracked 
|   9|0x0000000721d00000, 0x0000000721d00000, 0x0000000721e00000|  0%| F|  |TAMS 0x0000000721d00000, 0x0000000721d00000| Untracked 
|  10|0x0000000721e00000, 0x0000000721e00000, 0x0000000721f00000|  0%| F|  |TAMS 0x0000000721e00000, 0x0000000721e00000| Untracked 
|  11|0x0000000721f00000, 0x0000000721f00000, 0x0000000722000000|  0%| F|  |TAMS 0x0000000721f00000, 0x0000000721f00000| Untracked 
|  12|0x0000000722000000, 0x0000000722000000, 0x0000000722100000|  0%| F|  |TAMS 0x0000000722000000, 0x0000000722000000| Untracked 
|  13|0x0000000722100000, 0x0000000722100000, 0x0000000722200000|  0%| F|  |TAMS 0x0000000722100000, 0x0000000722100000| Untracked 
|  14|0x0000000722200000, 0x0000000722200000, 0x0000000722300000|  0%| F|  |TAMS 0x0000000722200000, 0x0000000722200000| Untracked 
|  15|0x0000000722300000, 0x0000000722300000, 0x0000000722400000|  0%| F|  |TAMS 0x0000000722300000, 0x0000000722300000| Untracked 
|  16|0x0000000722400000, 0x0000000722400000, 0x0000000722500000|  0%| F|  |TAMS 0x0000000722400000, 0x0000000722400000| Untracked 
|  17|0x0000000722500000, 0x0000000722500000, 0x0000000722600000|  0%| F|  |TAMS 0x0000000722500000, 0x0000000722500000| Untracked 
|  18|0x0000000722600000, 0x0000000722600000, 0x0000000722700000|  0%| F|  |TAMS 0x0000000722600000, 0x0000000722600000| Untracked 
|  19|0x0000000722700000, 0x0000000722700000, 0x0000000722800000|  0%| F|  |TAMS 0x0000000722700000, 0x0000000722700000| Untracked 
|  20|0x0000000722800000, 0x0000000722800000, 0x0000000722900000|  0%| F|  |TAMS 0x0000000722800000, 0x0000000722800000| Untracked 
|  21|0x0000000722900000, 0x0000000722900000, 0x0000000722a00000|  0%| F|  |TAMS 0x0000000722900000, 0x0000000722900000| Untracked 
|  22|0x0000000722a00000, 0x0000000722a00000, 0x0000000722b00000|  0%| F|  |TAMS 0x0000000722a00000, 0x0000000722a00000| Untracked 
|  23|0x0000000722b00000, 0x0000000722b00000, 0x0000000722c00000|  0%| F|  |TAMS 0x0000000722b00000, 0x0000000722b00000| Untracked 
|  24|0x0000000722c00000, 0x0000000722c00000, 0x0000000722d00000|  0%| F|  |TAMS 0x0000000722c00000, 0x0000000722c00000| Untracked 
|  25|0x0000000722d00000, 0x0000000722d00000, 0x0000000722e00000|  0%| F|  |TAMS 0x0000000722d00000, 0x0000000722d00000| Untracked 
|  26|0x0000000722e00000, 0x0000000722e00000, 0x0000000722f00000|  0%| F|  |TAMS 0x0000000722e00000, 0x0000000722e00000| Untracked 
|  27|0x0000000722f00000, 0x0000000722f00000, 0x0000000723000000|  0%| F|  |TAMS 0x0000000722f00000, 0x0000000722f00000| Untracked 
|  28|0x0000000723000000, 0x0000000723000000, 0x0000000723100000|  0%| F|  |TAMS 0x0000000723000000, 0x0000000723000000| Untracked 
|  29|0x0000000723100000, 0x0000000723100000, 0x0000000723200000|  0%| F|  |TAMS 0x0000000723100000, 0x0000000723100000| Untracked 
|  30|0x0000000723200000, 0x0000000723200000, 0x0000000723300000|  0%| F|  |TAMS 0x0000000723200000, 0x0000000723200000| Untracked 
|  31|0x0000000723300000, 0x0000000723300000, 0x0000000723400000|  0%| F|  |TAMS 0x0000000723300000, 0x0000000723300000| Untracked 
|  32|0x0000000723400000, 0x0000000723400000, 0x0000000723500000|  0%| F|  |TAMS 0x0000000723400000, 0x0000000723400000| Untracked 
|  33|0x0000000723500000, 0x0000000723500000, 0x0000000723600000|  0%| F|  |TAMS 0x0000000723500000, 0x0000000723500000| Untracked 
|  34|0x0000000723600000, 0x0000000723600000, 0x0000000723700000|  0%| F|  |TAMS 0x0000000723600000, 0x0000000723600000| Untracked 
|  35|0x0000000723700000, 0x0000000723700000, 0x0000000723800000|  0%| F|  |TAMS 0x0000000723700000, 0x0000000723700000| Untracked 
|  36|0x0000000723800000, 0x0000000723800000, 0x0000000723900000|  0%| F|  |TAMS 0x0000000723800000, 0x0000000723800000| Untracked 
|  37|0x0000000723900000, 0x0000000723900000, 0x0000000723a00000|  0%| F|  |TAMS 0x0000000723900000, 0x0000000723900000| Untracked 
|  38|0x0000000723a00000, 0x0000000723a00000, 0x0000000723b00000|  0%| F|  |TAMS 0x0000000723a00000, 0x0000000723a00000| Untracked 
|  39|0x0000000723b00000, 0x0000000723b00000, 0x0000000723c00000|  0%| F|  |TAMS 0x0000000723b00000, 0x0000000723b00000| Untracked 
|  40|0x0000000723c00000, 0x0000000723c00000, 0x0000000723d00000|  0%| F|  |TAMS 0x0000000723c00000, 0x0000000723c00000| Untracked 
|  41|0x0000000723d00000, 0x0000000723d00000, 0x0000000723e00000|  0%| F|  |TAMS 0x0000000723d00000, 0x0000000723d00000| Untracked 
|  42|0x0000000723e00000, 0x0000000723e00000, 0x0000000723f00000|  0%| F|  |TAMS 0x0000000723e00000, 0x0000000723e00000| Untracked 
|  43|0x0000000723f00000, 0x0000000723f00000, 0x0000000724000000|  0%| F|  |TAMS 0x0000000723f00000, 0x0000000723f00000| Untracked 
|  44|0x0000000724000000, 0x0000000724000000, 0x0000000724100000|  0%| F|  |TAMS 0x0000000724000000, 0x0000000724000000| Untracked 
|  45|0x0000000724100000, 0x0000000724100000, 0x0000000724200000|  0%| F|  |TAMS 0x0000000724100000, 0x0000000724100000| Untracked 
|  46|0x0000000724200000, 0x0000000724200000, 0x0000000724300000|  0%| F|  |TAMS 0x0000000724200000, 0x0000000724200000| Untracked 
|  47|0x0000000724300000, 0x0000000724300000, 0x0000000724400000|  0%| F|  |TAMS 0x0000000724300000, 0x0000000724300000| Untracked 
|  48|0x0000000724400000, 0x0000000724400000, 0x0000000724500000|  0%| F|  |TAMS 0x0000000724400000, 0x0000000724400000| Untracked 
|  49|0x0000000724500000, 0x0000000724500000, 0x0000000724600000|  0%| F|  |TAMS 0x0000000724500000, 0x0000000724500000| Untracked 
|  50|0x0000000724600000, 0x0000000724600000, 0x0000000724700000|  0%| F|  |TAMS 0x0000000724600000, 0x0000000724600000| Untracked 
|  51|0x0000000724700000, 0x0000000724700000, 0x0000000724800000|  0%| F|  |TAMS 0x0000000724700000, 0x0000000724700000| Untracked 
|  52|0x0000000724800000, 0x0000000724800000, 0x0000000724900000|  0%| F|  |TAMS 0x0000000724800000, 0x0000000724800000| Untracked 
|  53|0x0000000724900000, 0x0000000724900000, 0x0000000724a00000|  0%| F|  |TAMS 0x0000000724900000, 0x0000000724900000| Untracked 
|  54|0x0000000724a00000, 0x0000000724a00000, 0x0000000724b00000|  0%| F|  |TAMS 0x0000000724a00000, 0x0000000724a00000| Untracked 
|  55|0x0000000724b00000, 0x0000000724b00000, 0x0000000724c00000|  0%| F|  |TAMS 0x0000000724b00000, 0x0000000724b00000| Untracked 
|  56|0x0000000724c00000, 0x0000000724c00000, 0x0000000724d00000|  0%| F|  |TAMS 0x0000000724c00000, 0x0000000724c00000| Untracked 
|  57|0x0000000724d00000, 0x0000000724d00000, 0x0000000724e00000|  0%| F|  |TAMS 0x0000000724d00000, 0x0000000724d00000| Untracked 
|  58|0x0000000724e00000, 0x0000000724e00000, 0x0000000724f00000|  0%| F|  |TAMS 0x0000000724e00000, 0x0000000724e00000| Untracked 
|  59|0x0000000724f00000, 0x0000000724f00000, 0x0000000725000000|  0%| F|  |TAMS 0x0000000724f00000, 0x0000000724f00000| Untracked 
|  60|0x0000000725000000, 0x0000000725000000, 0x0000000725100000|  0%| F|  |TAMS 0x0000000725000000, 0x0000000725000000| Untracked 
|  61|0x0000000725100000, 0x0000000725100000, 0x0000000725200000|  0%| F|  |TAMS 0x0000000725100000, 0x0000000725100000| Untracked 
|  62|0x0000000725200000, 0x0000000725200000, 0x0000000725300000|  0%| F|  |TAMS 0x0000000725200000, 0x0000000725200000| Untracked 
|  63|0x0000000725300000, 0x0000000725300000, 0x0000000725400000|  0%| F|  |TAMS 0x0000000725300000, 0x0000000725300000| Untracked 
|  64|0x0000000725400000, 0x0000000725400000, 0x0000000725500000|  0%| F|  |TAMS 0x0000000725400000, 0x0000000725400000| Untracked 
|  65|0x0000000725500000, 0x0000000725500000, 0x0000000725600000|  0%| F|  |TAMS 0x0000000725500000, 0x0000000725500000| Untracked 
|  66|0x0000000725600000, 0x0000000725600000, 0x0000000725700000|  0%| F|  |TAMS 0x0000000725600000, 0x0000000725600000| Untracked 
|  67|0x0000000725700000, 0x0000000725700000, 0x0000000725800000|  0%| F|  |TAMS 0x0000000725700000, 0x0000000725700000| Untracked 
|  68|0x0000000725800000, 0x0000000725800000, 0x0000000725900000|  0%| F|  |TAMS 0x0000000725800000, 0x0000000725800000| Untracked 
|  69|0x0000000725900000, 0x0000000725900000, 0x0000000725a00000|  0%| F|  |TAMS 0x0000000725900000, 0x0000000725900000| Untracked 
|  70|0x0000000725a00000, 0x0000000725a00000, 0x0000000725b00000|  0%| F|  |TAMS 0x0000000725a00000, 0x0000000725a00000| Untracked 
|  71|0x0000000725b00000, 0x0000000725b00000, 0x0000000725c00000|  0%| F|  |TAMS 0x0000000725b00000, 0x0000000725b00000| Untracked 
|  72|0x0000000725c00000, 0x0000000725c00000, 0x0000000725d00000|  0%| F|  |TAMS 0x0000000725c00000, 0x0000000725c00000| Untracked 
|  73|0x0000000725d00000, 0x0000000725d00000, 0x0000000725e00000|  0%| F|  |TAMS 0x0000000725d00000, 0x0000000725d00000| Untracked 
|  74|0x0000000725e00000, 0x0000000725e00000, 0x0000000725f00000|  0%| F|  |TAMS 0x0000000725e00000, 0x0000000725e00000| Untracked 
|  75|0x0000000725f00000, 0x0000000725f00000, 0x0000000726000000|  0%| F|  |TAMS 0x0000000725f00000, 0x0000000725f00000| Untracked 
|  76|0x0000000726000000, 0x0000000726000000, 0x0000000726100000|  0%| F|  |TAMS 0x0000000726000000, 0x0000000726000000| Untracked 
|  77|0x0000000726100000, 0x0000000726100000, 0x0000000726200000|  0%| F|  |TAMS 0x0000000726100000, 0x0000000726100000| Untracked 
|  78|0x0000000726200000, 0x0000000726200000, 0x0000000726300000|  0%| F|  |TAMS 0x0000000726200000, 0x0000000726200000| Untracked 
|  79|0x0000000726300000, 0x0000000726300000, 0x0000000726400000|  0%| F|  |TAMS 0x0000000726300000, 0x0000000726300000| Untracked 
|  80|0x0000000726400000, 0x0000000726400000, 0x0000000726500000|  0%| F|  |TAMS 0x0000000726400000, 0x0000000726400000| Untracked 
|  81|0x0000000726500000, 0x0000000726500000, 0x0000000726600000|  0%| F|  |TAMS 0x0000000726500000, 0x0000000726500000| Untracked 
|  82|0x0000000726600000, 0x0000000726600000, 0x0000000726700000|  0%| F|  |TAMS 0x0000000726600000, 0x0000000726600000| Untracked 
|  83|0x0000000726700000, 0x0000000726700000, 0x0000000726800000|  0%| F|  |TAMS 0x0000000726700000, 0x0000000726700000| Untracked 
|  84|0x0000000726800000, 0x0000000726800000, 0x0000000726900000|  0%| F|  |TAMS 0x0000000726800000, 0x0000000726800000| Untracked 
|  85|0x0000000726900000, 0x0000000726900000, 0x0000000726a00000|  0%| F|  |TAMS 0x0000000726900000, 0x0000000726900000| Untracked 
|  86|0x0000000726a00000, 0x0000000726a00000, 0x0000000726b00000|  0%| F|  |TAMS 0x0000000726a00000, 0x0000000726a00000| Untracked 
|  87|0x0000000726b00000, 0x0000000726b00000, 0x0000000726c00000|  0%| F|  |TAMS 0x0000000726b00000, 0x0000000726b00000| Untracked 
|  88|0x0000000726c00000, 0x0000000726c00000, 0x0000000726d00000|  0%| F|  |TAMS 0x0000000726c00000, 0x0000000726c00000| Untracked 
|  89|0x0000000726d00000, 0x0000000726d00000, 0x0000000726e00000|  0%| F|  |TAMS 0x0000000726d00000, 0x0000000726d00000| Untracked 
|  90|0x0000000726e00000, 0x0000000726e00000, 0x0000000726f00000|  0%| F|  |TAMS 0x0000000726e00000, 0x0000000726e00000| Untracked 
|  91|0x0000000726f00000, 0x0000000726f00000, 0x0000000727000000|  0%| F|  |TAMS 0x0000000726f00000, 0x0000000726f00000| Untracked 
|  92|0x0000000727000000, 0x0000000727000000, 0x0000000727100000|  0%| F|  |TAMS 0x0000000727000000, 0x0000000727000000| Untracked 
|  93|0x0000000727100000, 0x0000000727100000, 0x0000000727200000|  0%| F|  |TAMS 0x0000000727100000, 0x0000000727100000| Untracked 
|  94|0x0000000727200000, 0x0000000727200000, 0x0000000727300000|  0%| F|  |TAMS 0x0000000727200000, 0x0000000727200000| Untracked 
|  95|0x0000000727300000, 0x0000000727300000, 0x0000000727400000|  0%| F|  |TAMS 0x0000000727300000, 0x0000000727300000| Untracked 
|  96|0x0000000727400000, 0x0000000727400000, 0x0000000727500000|  0%| F|  |TAMS 0x0000000727400000, 0x0000000727400000| Untracked 
|  97|0x0000000727500000, 0x0000000727500000, 0x0000000727600000|  0%| F|  |TAMS 0x0000000727500000, 0x0000000727500000| Untracked 
|  98|0x0000000727600000, 0x0000000727600000, 0x0000000727700000|  0%| F|  |TAMS 0x0000000727600000, 0x0000000727600000| Untracked 
|  99|0x0000000727700000, 0x0000000727700000, 0x0000000727800000|  0%| F|  |TAMS 0x0000000727700000, 0x0000000727700000| Untracked 
| 100|0x0000000727800000, 0x0000000727800000, 0x0000000727900000|  0%| F|  |TAMS 0x0000000727800000, 0x0000000727800000| Untracked 
| 101|0x0000000727900000, 0x0000000727900000, 0x0000000727a00000|  0%| F|  |TAMS 0x0000000727900000, 0x0000000727900000| Untracked 
| 102|0x0000000727a00000, 0x0000000727a00000, 0x0000000727b00000|  0%| F|  |TAMS 0x0000000727a00000, 0x0000000727a00000| Untracked 
| 103|0x0000000727b00000, 0x0000000727b00000, 0x0000000727c00000|  0%| F|  |TAMS 0x0000000727b00000, 0x0000000727b00000| Untracked 
| 104|0x0000000727c00000, 0x0000000727c00000, 0x0000000727d00000|  0%| F|  |TAMS 0x0000000727c00000, 0x0000000727c00000| Untracked 
| 105|0x0000000727d00000, 0x0000000727d00000, 0x0000000727e00000|  0%| F|  |TAMS 0x0000000727d00000, 0x0000000727d00000| Untracked 
| 106|0x0000000727e00000, 0x0000000727e00000, 0x0000000727f00000|  0%| F|  |TAMS 0x0000000727e00000, 0x0000000727e00000| Untracked 
| 107|0x0000000727f00000, 0x0000000727f00000, 0x0000000728000000|  0%| F|  |TAMS 0x0000000727f00000, 0x0000000727f00000| Untracked 
| 108|0x0000000728000000, 0x0000000728000000, 0x0000000728100000|  0%| F|  |TAMS 0x0000000728000000, 0x0000000728000000| Untracked 
| 109|0x0000000728100000, 0x0000000728100000, 0x0000000728200000|  0%| F|  |TAMS 0x0000000728100000, 0x0000000728100000| Untracked 
| 110|0x0000000728200000, 0x0000000728200000, 0x0000000728300000|  0%| F|  |TAMS 0x0000000728200000, 0x0000000728200000| Untracked 
| 111|0x0000000728300000, 0x0000000728300000, 0x0000000728400000|  0%| F|  |TAMS 0x0000000728300000, 0x0000000728300000| Untracked 
| 112|0x0000000728400000, 0x0000000728400000, 0x0000000728500000|  0%| F|  |TAMS 0x0000000728400000, 0x0000000728400000| Untracked 
| 113|0x0000000728500000, 0x0000000728500000, 0x0000000728600000|  0%| F|  |TAMS 0x0000000728500000, 0x0000000728500000| Untracked 
| 114|0x0000000728600000, 0x0000000728600000, 0x0000000728700000|  0%| F|  |TAMS 0x0000000728600000, 0x0000000728600000| Untracked 
| 115|0x0000000728700000, 0x0000000728700000, 0x0000000728800000|  0%| F|  |TAMS 0x0000000728700000, 0x0000000728700000| Untracked 
| 116|0x0000000728800000, 0x0000000728800000, 0x0000000728900000|  0%| F|  |TAMS 0x0000000728800000, 0x0000000728800000| Untracked 
| 117|0x0000000728900000, 0x0000000728900000, 0x0000000728a00000|  0%| F|  |TAMS 0x0000000728900000, 0x0000000728900000| Untracked 
| 118|0x0000000728a00000, 0x0000000728a00000, 0x0000000728b00000|  0%| F|  |TAMS 0x0000000728a00000, 0x0000000728a00000| Untracked 
| 119|0x0000000728b00000, 0x0000000728b00000, 0x0000000728c00000|  0%| F|  |TAMS 0x0000000728b00000, 0x0000000728b00000| Untracked 
| 120|0x0000000728c00000, 0x0000000728c00000, 0x0000000728d00000|  0%| F|  |TAMS 0x0000000728c00000, 0x0000000728c00000| Untracked 
| 121|0x0000000728d00000, 0x0000000728d00000, 0x0000000728e00000|  0%| F|  |TAMS 0x0000000728d00000, 0x0000000728d00000| Untracked 
| 122|0x0000000728e00000, 0x0000000728e00000, 0x0000000728f00000|  0%| F|  |TAMS 0x0000000728e00000, 0x0000000728e00000| Untracked 
| 123|0x0000000728f00000, 0x0000000728f00000, 0x0000000729000000|  0%| F|  |TAMS 0x0000000728f00000, 0x0000000728f00000| Untracked 
| 124|0x0000000729000000, 0x0000000729000000, 0x0000000729100000|  0%| F|  |TAMS 0x0000000729000000, 0x0000000729000000| Untracked 
| 125|0x0000000729100000, 0x0000000729100000, 0x0000000729200000|  0%| F|  |TAMS 0x0000000729100000, 0x0000000729100000| Untracked 
| 126|0x0000000729200000, 0x0000000729200000, 0x0000000729300000|  0%| F|  |TAMS 0x0000000729200000, 0x0000000729200000| Untracked 
| 127|0x0000000729300000, 0x0000000729300000, 0x0000000729400000|  0%| F|  |TAMS 0x0000000729300000, 0x0000000729300000| Untracked 
| 128|0x0000000729400000, 0x0000000729400000, 0x0000000729500000|  0%| F|  |TAMS 0x0000000729400000, 0x0000000729400000| Untracked 
| 129|0x0000000729500000, 0x0000000729500000, 0x0000000729600000|  0%| F|  |TAMS 0x0000000729500000, 0x0000000729500000| Untracked 
| 130|0x0000000729600000, 0x0000000729600000, 0x0000000729700000|  0%| F|  |TAMS 0x0000000729600000, 0x0000000729600000| Untracked 
| 131|0x0000000729700000, 0x0000000729700000, 0x0000000729800000|  0%| F|  |TAMS 0x0000000729700000, 0x0000000729700000| Untracked 
| 132|0x0000000729800000, 0x0000000729800000, 0x0000000729900000|  0%| F|  |TAMS 0x0000000729800000, 0x0000000729800000| Untracked 
| 133|0x0000000729900000, 0x0000000729900000, 0x0000000729a00000|  0%| F|  |TAMS 0x0000000729900000, 0x0000000729900000| Untracked 
| 134|0x0000000729a00000, 0x0000000729a00000, 0x0000000729b00000|  0%| F|  |TAMS 0x0000000729a00000, 0x0000000729a00000| Untracked 
| 135|0x0000000729b00000, 0x0000000729b00000, 0x0000000729c00000|  0%| F|  |TAMS 0x0000000729b00000, 0x0000000729b00000| Untracked 
| 136|0x0000000729c00000, 0x0000000729c00000, 0x0000000729d00000|  0%| F|  |TAMS 0x0000000729c00000, 0x0000000729c00000| Untracked 
| 137|0x0000000729d00000, 0x0000000729d00000, 0x0000000729e00000|  0%| F|  |TAMS 0x0000000729d00000, 0x0000000729d00000| Untracked 
| 138|0x0000000729e00000, 0x0000000729e00000, 0x0000000729f00000|  0%| F|  |TAMS 0x0000000729e00000, 0x0000000729e00000| Untracked 
| 139|0x0000000729f00000, 0x0000000729f00000, 0x000000072a000000|  0%| F|  |TAMS 0x0000000729f00000, 0x0000000729f00000| Untracked 
| 140|0x000000072a000000, 0x000000072a000000, 0x000000072a100000|  0%| F|  |TAMS 0x000000072a000000, 0x000000072a000000| Untracked 
| 141|0x000000072a100000, 0x000000072a100000, 0x000000072a200000|  0%| F|  |TAMS 0x000000072a100000, 0x000000072a100000| Untracked 
| 142|0x000000072a200000, 0x000000072a200000, 0x000000072a300000|  0%| F|  |TAMS 0x000000072a200000, 0x000000072a200000| Untracked 
| 143|0x000000072a300000, 0x000000072a300000, 0x000000072a400000|  0%| F|  |TAMS 0x000000072a300000, 0x000000072a300000| Untracked 
| 144|0x000000072a400000, 0x000000072a400000, 0x000000072a500000|  0%| F|  |TAMS 0x000000072a400000, 0x000000072a400000| Untracked 
| 145|0x000000072a500000, 0x000000072a500000, 0x000000072a600000|  0%| F|  |TAMS 0x000000072a500000, 0x000000072a500000| Untracked 
| 146|0x000000072a600000, 0x000000072a600000, 0x000000072a700000|  0%| F|  |TAMS 0x000000072a600000, 0x000000072a600000| Untracked 
| 147|0x000000072a700000, 0x000000072a700000, 0x000000072a800000|  0%| F|  |TAMS 0x000000072a700000, 0x000000072a700000| Untracked 
| 148|0x000000072a800000, 0x000000072a800000, 0x000000072a900000|  0%| F|  |TAMS 0x000000072a800000, 0x000000072a800000| Untracked 
| 149|0x000000072a900000, 0x000000072a900000, 0x000000072aa00000|  0%| F|  |TAMS 0x000000072a900000, 0x000000072a900000| Untracked 
| 150|0x000000072aa00000, 0x000000072aa00000, 0x000000072ab00000|  0%| F|  |TAMS 0x000000072aa00000, 0x000000072aa00000| Untracked 
| 151|0x000000072ab00000, 0x000000072ab00000, 0x000000072ac00000|  0%| F|  |TAMS 0x000000072ab00000, 0x000000072ab00000| Untracked 
| 152|0x000000072ac00000, 0x000000072ac00000, 0x000000072ad00000|  0%| F|  |TAMS 0x000000072ac00000, 0x000000072ac00000| Untracked 
| 153|0x000000072ad00000, 0x000000072ad00000, 0x000000072ae00000|  0%| F|  |TAMS 0x000000072ad00000, 0x000000072ad00000| Untracked 
| 154|0x000000072ae00000, 0x000000072ae00000, 0x000000072af00000|  0%| F|  |TAMS 0x000000072ae00000, 0x000000072ae00000| Untracked 
| 155|0x000000072af00000, 0x000000072af00000, 0x000000072b000000|  0%| F|  |TAMS 0x000000072af00000, 0x000000072af00000| Untracked 
| 156|0x000000072b000000, 0x000000072b000000, 0x000000072b100000|  0%| F|  |TAMS 0x000000072b000000, 0x000000072b000000| Untracked 
| 157|0x000000072b100000, 0x000000072b100000, 0x000000072b200000|  0%| F|  |TAMS 0x000000072b100000, 0x000000072b100000| Untracked 
| 158|0x000000072b200000, 0x000000072b200000, 0x000000072b300000|  0%| F|  |TAMS 0x000000072b200000, 0x000000072b200000| Untracked 
| 159|0x000000072b300000, 0x000000072b300000, 0x000000072b400000|  0%| F|  |TAMS 0x000000072b300000, 0x000000072b300000| Untracked 
| 160|0x000000072b400000, 0x000000072b400000, 0x000000072b500000|  0%| F|  |TAMS 0x000000072b400000, 0x000000072b400000| Untracked 
| 161|0x000000072b500000, 0x000000072b500000, 0x000000072b600000|  0%| F|  |TAMS 0x000000072b500000, 0x000000072b500000| Untracked 
| 162|0x000000072b600000, 0x000000072b600000, 0x000000072b700000|  0%| F|  |TAMS 0x000000072b600000, 0x000000072b600000| Untracked 
| 163|0x000000072b700000, 0x000000072b700000, 0x000000072b800000|  0%| F|  |TAMS 0x000000072b700000, 0x000000072b700000| Untracked 
| 164|0x000000072b800000, 0x000000072b800000, 0x000000072b900000|  0%| F|  |TAMS 0x000000072b800000, 0x000000072b800000| Untracked 
| 165|0x000000072b900000, 0x000000072b900000, 0x000000072ba00000|  0%| F|  |TAMS 0x000000072b900000, 0x000000072b900000| Untracked 
| 166|0x000000072ba00000, 0x000000072ba00000, 0x000000072bb00000|  0%| F|  |TAMS 0x000000072ba00000, 0x000000072ba00000| Untracked 
| 167|0x000000072bb00000, 0x000000072bb00000, 0x000000072bc00000|  0%| F|  |TAMS 0x000000072bb00000, 0x000000072bb00000| Untracked 
| 168|0x000000072bc00000, 0x000000072bc00000, 0x000000072bd00000|  0%| F|  |TAMS 0x000000072bc00000, 0x000000072bc00000| Untracked 
| 169|0x000000072bd00000, 0x000000072bd00000, 0x000000072be00000|  0%| F|  |TAMS 0x000000072bd00000, 0x000000072bd00000| Untracked 
| 170|0x000000072be00000, 0x000000072be00000, 0x000000072bf00000|  0%| F|  |TAMS 0x000000072be00000, 0x000000072be00000| Untracked 
| 171|0x000000072bf00000, 0x000000072bf00000, 0x000000072c000000|  0%| F|  |TAMS 0x000000072bf00000, 0x000000072bf00000| Untracked 
| 172|0x000000072c000000, 0x000000072c000000, 0x000000072c100000|  0%| F|  |TAMS 0x000000072c000000, 0x000000072c000000| Untracked 
| 173|0x000000072c100000, 0x000000072c100000, 0x000000072c200000|  0%| F|  |TAMS 0x000000072c100000, 0x000000072c100000| Untracked 
| 174|0x000000072c200000, 0x000000072c200000, 0x000000072c300000|  0%| F|  |TAMS 0x000000072c200000, 0x000000072c200000| Untracked 
| 175|0x000000072c300000, 0x000000072c300000, 0x000000072c400000|  0%| F|  |TAMS 0x000000072c300000, 0x000000072c300000| Untracked 
| 176|0x000000072c400000, 0x000000072c400000, 0x000000072c500000|  0%| F|  |TAMS 0x000000072c400000, 0x000000072c400000| Untracked 
| 177|0x000000072c500000, 0x000000072c500000, 0x000000072c600000|  0%| F|  |TAMS 0x000000072c500000, 0x000000072c500000| Untracked 
| 178|0x000000072c600000, 0x000000072c600000, 0x000000072c700000|  0%| F|  |TAMS 0x000000072c600000, 0x000000072c600000| Untracked 
| 179|0x000000072c700000, 0x000000072c700000, 0x000000072c800000|  0%| F|  |TAMS 0x000000072c700000, 0x000000072c700000| Untracked 
| 180|0x000000072c800000, 0x000000072c800000, 0x000000072c900000|  0%| F|  |TAMS 0x000000072c800000, 0x000000072c800000| Untracked 
| 181|0x000000072c900000, 0x000000072c900000, 0x000000072ca00000|  0%| F|  |TAMS 0x000000072c900000, 0x000000072c900000| Untracked 
| 182|0x000000072ca00000, 0x000000072ca00000, 0x000000072cb00000|  0%| F|  |TAMS 0x000000072ca00000, 0x000000072ca00000| Untracked 
| 183|0x000000072cb00000, 0x000000072cb00000, 0x000000072cc00000|  0%| F|  |TAMS 0x000000072cb00000, 0x000000072cb00000| Untracked 
| 184|0x000000072cc00000, 0x000000072cc00000, 0x000000072cd00000|  0%| F|  |TAMS 0x000000072cc00000, 0x000000072cc00000| Untracked 
| 185|0x000000072cd00000, 0x000000072cd00000, 0x000000072ce00000|  0%| F|  |TAMS 0x000000072cd00000, 0x000000072cd00000| Untracked 
| 186|0x000000072ce00000, 0x000000072ce00000, 0x000000072cf00000|  0%| F|  |TAMS 0x000000072ce00000, 0x000000072ce00000| Untracked 
| 187|0x000000072cf00000, 0x000000072cf00000, 0x000000072d000000|  0%| F|  |TAMS 0x000000072cf00000, 0x000000072cf00000| Untracked 
| 188|0x000000072d000000, 0x000000072d000000, 0x000000072d100000|  0%| F|  |TAMS 0x000000072d000000, 0x000000072d000000| Untracked 
| 189|0x000000072d100000, 0x000000072d100000, 0x000000072d200000|  0%| F|  |TAMS 0x000000072d100000, 0x000000072d100000| Untracked 
| 190|0x000000072d200000, 0x000000072d200000, 0x000000072d300000|  0%| F|  |TAMS 0x000000072d200000, 0x000000072d200000| Untracked 
| 191|0x000000072d300000, 0x000000072d300000, 0x000000072d400000|  0%| F|  |TAMS 0x000000072d300000, 0x000000072d300000| Untracked 
| 192|0x000000072d400000, 0x000000072d400000, 0x000000072d500000|  0%| F|  |TAMS 0x000000072d400000, 0x000000072d400000| Untracked 
| 193|0x000000072d500000, 0x000000072d500000, 0x000000072d600000|  0%| F|  |TAMS 0x000000072d500000, 0x000000072d500000| Untracked 
| 194|0x000000072d600000, 0x000000072d600000, 0x000000072d700000|  0%| F|  |TAMS 0x000000072d600000, 0x000000072d600000| Untracked 
| 195|0x000000072d700000, 0x000000072d700000, 0x000000072d800000|  0%| F|  |TAMS 0x000000072d700000, 0x000000072d700000| Untracked 
| 196|0x000000072d800000, 0x000000072d800000, 0x000000072d900000|  0%| F|  |TAMS 0x000000072d800000, 0x000000072d800000| Untracked 
| 197|0x000000072d900000, 0x000000072da00000, 0x000000072da00000|100%| S|CS|TAMS 0x000000072d900000, 0x000000072d900000| Complete 
| 198|0x000000072da00000, 0x000000072db00000, 0x000000072db00000|100%| S|CS|TAMS 0x000000072da00000, 0x000000072da00000| Complete 
| 199|0x000000072db00000, 0x000000072dc00000, 0x000000072dc00000|100%| S|CS|TAMS 0x000000072db00000, 0x000000072db00000| Complete 
| 200|0x000000072dc00000, 0x000000072dc00000, 0x000000072dd00000|  0%| F|  |TAMS 0x000000072dc00000, 0x000000072dc00000| Untracked 
| 201|0x000000072dd00000, 0x000000072dd00000, 0x000000072de00000|  0%| F|  |TAMS 0x000000072dd00000, 0x000000072dd00000| Untracked 
| 202|0x000000072de00000, 0x000000072de00000, 0x000000072df00000|  0%| F|  |TAMS 0x000000072de00000, 0x000000072de00000| Untracked 
| 203|0x000000072df00000, 0x000000072df00000, 0x000000072e000000|  0%| F|  |TAMS 0x000000072df00000, 0x000000072df00000| Untracked 
| 204|0x000000072e000000, 0x000000072e000000, 0x000000072e100000|  0%| F|  |TAMS 0x000000072e000000, 0x000000072e000000| Untracked 
| 205|0x000000072e100000, 0x000000072e100000, 0x000000072e200000|  0%| F|  |TAMS 0x000000072e100000, 0x000000072e100000| Untracked 
| 206|0x000000072e200000, 0x000000072e200000, 0x000000072e300000|  0%| F|  |TAMS 0x000000072e200000, 0x000000072e200000| Untracked 
| 207|0x000000072e300000, 0x000000072e300000, 0x000000072e400000|  0%| F|  |TAMS 0x000000072e300000, 0x000000072e300000| Untracked 
| 208|0x000000072e400000, 0x000000072e400000, 0x000000072e500000|  0%| F|  |TAMS 0x000000072e400000, 0x000000072e400000| Untracked 
| 209|0x000000072e500000, 0x000000072e500000, 0x000000072e600000|  0%| F|  |TAMS 0x000000072e500000, 0x000000072e500000| Untracked 
| 210|0x000000072e600000, 0x000000072e600000, 0x000000072e700000|  0%| F|  |TAMS 0x000000072e600000, 0x000000072e600000| Untracked 
| 211|0x000000072e700000, 0x000000072e700000, 0x000000072e800000|  0%| F|  |TAMS 0x000000072e700000, 0x000000072e700000| Untracked 
| 212|0x000000072e800000, 0x000000072e800000, 0x000000072e900000|  0%| F|  |TAMS 0x000000072e800000, 0x000000072e800000| Untracked 
| 213|0x000000072e900000, 0x000000072e900000, 0x000000072ea00000|  0%| F|  |TAMS 0x000000072e900000, 0x000000072e900000| Untracked 
| 214|0x000000072ea00000, 0x000000072ea00000, 0x000000072eb00000|  0%| F|  |TAMS 0x000000072ea00000, 0x000000072ea00000| Untracked 
| 215|0x000000072eb00000, 0x000000072eb00000, 0x000000072ec00000|  0%| F|  |TAMS 0x000000072eb00000, 0x000000072eb00000| Untracked 
| 216|0x000000072ec00000, 0x000000072ec00000, 0x000000072ed00000|  0%| F|  |TAMS 0x000000072ec00000, 0x000000072ec00000| Untracked 
| 217|0x000000072ed00000, 0x000000072ed00000, 0x000000072ee00000|  0%| F|  |TAMS 0x000000072ed00000, 0x000000072ed00000| Untracked 
| 218|0x000000072ee00000, 0x000000072ee80800, 0x000000072ef00000| 50%| E|  |TAMS 0x000000072ee00000, 0x000000072ee00000| Complete 
| 219|0x000000072ef00000, 0x000000072f000000, 0x000000072f000000|100%| E|CS|TAMS 0x000000072ef00000, 0x000000072ef00000| Complete 
| 220|0x000000072f000000, 0x000000072f100000, 0x000000072f100000|100%| E|CS|TAMS 0x000000072f000000, 0x000000072f000000| Complete 
| 221|0x000000072f100000, 0x000000072f200000, 0x000000072f200000|100%| E|CS|TAMS 0x000000072f100000, 0x000000072f100000| Complete 
| 222|0x000000072f200000, 0x000000072f300000, 0x000000072f300000|100%| E|CS|TAMS 0x000000072f200000, 0x000000072f200000| Complete 
| 223|0x000000072f300000, 0x000000072f400000, 0x000000072f400000|100%| E|CS|TAMS 0x000000072f300000, 0x000000072f300000| Complete 

Card table byte_map: [0x000001da492f0000,0x000001da499f0000] _byte_map_base: 0x000001da459e6000

Marking Bits (Prev, Next): (CMBitMap*) 0x000001da314a69d8, (CMBitMap*) 0x000001da314a6a10
 Prev Bits: [0x000001da4a0f0000, 0x000001da4d8a0000)
 Next Bits: [0x000001da4d8a0000, 0x000001da51050000)

Polling page: 0x000001da2f2d0000

Metaspace:

Usage:
  Non-class:     14.09 MB capacity,    13.87 MB ( 98%) used,   187.00 KB (  1%) free+waste,    45.38 KB ( <1%) overhead. 
      Class:      1.79 MB capacity,     1.63 MB ( 91%) used,   147.95 KB (  8%) free+waste,    22.44 KB (  1%) overhead. 
       Both:     15.89 MB capacity,    15.50 MB ( 98%) used,   334.95 KB (  2%) free+waste,    67.81 KB ( <1%) overhead. 

Virtual space:
  Non-class space:       16.00 MB reserved,      14.25 MB ( 89%) committed 
      Class space:        1.00 GB reserved,       1.88 MB ( <1%) committed 
             Both:        1.02 GB reserved,      16.13 MB (  2%) committed 

Chunk freelists:
   Non-Class:  3.88 KB
       Class:  2.25 KB
        Both:  6.13 KB

CodeHeap 'non-profiled nmethods': size=120000Kb used=487Kb max_used=487Kb free=119512Kb
 bounds [0x000001da41390000, 0x000001da41600000, 0x000001da488c0000]
CodeHeap 'profiled nmethods': size=120000Kb used=2174Kb max_used=2174Kb free=117825Kb
 bounds [0x000001da39e60000, 0x000001da3a0d0000, 0x000001da41390000]
CodeHeap 'non-nmethods': size=5760Kb used=1182Kb max_used=1193Kb free=4577Kb
 bounds [0x000001da398c0000, 0x000001da39b30000, 0x000001da39e60000]
 total_blobs=1810 nmethods=1286 adapters=436
 compilation: enabled
              stopped_count=0, restarted_count=0
 full_count=0

Compilation events (10 events):
Event: 3.099 Thread 0x000001da5445d800 1281       1       java.util.concurrent.locks.AbstractOwnableSynchronizer::getExclusiveOwnerThread (5 bytes)
Event: 3.099 Thread 0x000001da5445d800 nmethod 1281 0x000001da41409990 code [0x000001da41409b20, 0x000001da41409c38]
Event: 3.118 Thread 0x000001da544b0000 1283       4       java.util.Objects::equals (23 bytes)
Event: 3.120 Thread 0x000001da544b0000 nmethod 1283 0x000001da41409c90 code [0x000001da41409e20, 0x000001da41409eb8]
Event: 3.127 Thread 0x000001da5445d800 1284       3       java.lang.ClassLoader::compareCerts (201 bytes)
Event: 3.128 Thread 0x000001da5445d800 nmethod 1284 0x000001da3a07cd90 code [0x000001da3a07cfa0, 0x000001da3a07d8c0]
Event: 3.128 Thread 0x000001da5445d800 1285       3       java.util.zip.ZipFile$Source::getEntryPos (206 bytes)
Event: 3.130 Thread 0x000001da5445d800 nmethod 1285 0x000001da3a07db90 code [0x000001da3a07de00, 0x000001da3a07eb40]
Event: 3.138 Thread 0x000001da5445d800 1286       3       java.io.Bits::getInt (43 bytes)
Event: 3.139 Thread 0x000001da5445d800 nmethod 1286 0x000001da3a07f190 code [0x000001da3a07f340, 0x000001da3a07f538]

GC Heap History (2 events):
Event: 3.044 GC heap before
{Heap before GC invocations=0 (full 0):
 garbage-first heap   total 229376K, used 25600K [0x0000000721400000, 0x0000000800000000)
  region size 1024K, 24 young (24576K), 0 survivors (0K)
 Metaspace       used 15128K, capacity 15562K, committed 15872K, reserved 1062912K
  class space    used 1560K, capacity 1728K, committed 1792K, reserved 1048576K
}
Event: 3.054 GC heap after
{Heap after GC invocations=1 (full 0):
 garbage-first heap   total 229376K, used 7620K [0x0000000721400000, 0x0000000800000000)
  region size 1024K, 3 young (3072K), 3 survivors (3072K)
 Metaspace       used 15128K, capacity 15562K, committed 15872K, reserved 1062912K
  class space    used 1560K, capacity 1728K, committed 1792K, reserved 1048576K
}

Deoptimization events (10 events):
Event: 1.565 Thread 0x000001da54ead800 Uncommon trap: reason=unstable_if action=reinterpret pc=0x000001da413e48b8 method=java.lang.String.startsWith(Ljava/lang/String;I)Z @ 1 c2
Event: 1.568 Thread 0x000001da54ead800 Uncommon trap: reason=class_check action=maybe_recompile pc=0x000001da413b4728 method=java.util.HashMap.putVal(ILjava/lang/Object;Ljava/lang/Object;ZZ)Ljava/lang/Object; @ 152 c2
Event: 1.568 Thread 0x000001da54ead800 Uncommon trap: reason=class_check action=maybe_recompile pc=0x000001da413b4728 method=java.util.HashMap.putVal(ILjava/lang/Object;Ljava/lang/Object;ZZ)Ljava/lang/Object; @ 152 c2
Event: 2.114 Thread 0x000001da54ead800 Uncommon trap: reason=bimorphic_or_optimized_type_check action=maybe_recompile pc=0x000001da413dff50 method=java.util.HashMap.putVal(ILjava/lang/Object;Ljava/lang/Object;ZZ)Ljava/lang/Object; @ 56 c2
Event: 2.115 Thread 0x000001da54ead800 Uncommon trap: reason=bimorphic_or_optimized_type_check action=maybe_recompile pc=0x000001da413dff50 method=java.util.HashMap.putVal(ILjava/lang/Object;Ljava/lang/Object;ZZ)Ljava/lang/Object; @ 56 c2
Event: 2.421 Thread 0x000001da31450000 Uncommon trap: reason=unstable_if action=reinterpret pc=0x000001da41394b94 method=java.lang.String.isLatin1()Z @ 10 c2
Event: 2.547 Thread 0x000001da31450000 Uncommon trap: reason=bimorphic_or_optimized_type_check action=maybe_recompile pc=0x000001da413dff50 method=java.util.HashMap.putVal(ILjava/lang/Object;Ljava/lang/Object;ZZ)Ljava/lang/Object; @ 56 c2
Event: 2.547 Thread 0x000001da31450000 Uncommon trap: reason=bimorphic_or_optimized_type_check action=maybe_recompile pc=0x000001da413dff50 method=java.util.HashMap.putVal(ILjava/lang/Object;Ljava/lang/Object;ZZ)Ljava/lang/Object; @ 56 c2
Event: 2.780 Thread 0x000001da31450000 Uncommon trap: reason=unstable_fused_if action=reinterpret pc=0x000001da413f7dac method=jdk.internal.org.objectweb.asm.Frame.execute(IILjdk/internal/org/objectweb/asm/ClassWriter;Ljdk/internal/org/objectweb/asm/Item;)V @ 1 c2
Event: 3.089 Thread 0x000001da31450000 Uncommon trap: reason=unstable_if action=reinterpret pc=0x000001da413dceac method=jdk.internal.org.objectweb.asm.Type.getArgumentsAndReturnSizes(Ljava/lang/String;)I @ 88 c2

Classes redefined (0 events):
No events

Internal exceptions (10 events):
Event: 2.490 Thread 0x000001da31450000 Exception <a 'java/lang/NoSuchMethodError'{0x000000072e21b430}: java.lang.invoke.DirectMethodHandle$Holder.invokeStatic(Ljava/lang/Object;Ljava/lang/Object;Ljava/lang/Object;Ljava/lang/Object;Ljava/lang/Object;Ljava/lang/Object;Ljava/lang/Object;Ljava/lan
Event: 2.496 Thread 0x000001da31450000 Exception <a 'java/lang/NoSuchMethodError'{0x000000072e2356f8}: java.lang.invoke.DirectMethodHandle$Holder.invokeStatic(Ljava/lang/Object;Ljava/lang/Object;Ljava/lang/Object;Ljava/lang/Object;Ljava/lang/Object;Ljava/lang/Object;Ljava/lang/Object;Ljava/lan
Event: 2.502 Thread 0x000001da31450000 Exception <a 'java/lang/NoSuchMethodError'{0x000000072e2507b0}: java.lang.invoke.DirectMethodHandle$Holder.invokeStatic(Ljava/lang/Object;Ljava/lang/Object;Ljava/lang/Object;Ljava/lang/Object;Ljava/lang/Object;Ljava/lang/Object;Ljava/lang/Object;Ljava/lan
Event: 2.870 Thread 0x000001da31450000 Exception <a 'java/lang/NoSuchMethodError'{0x000000072e0a9540}: java.lang.invoke.DirectMethodHandle$Holder.invokeStaticInit(Ljava/lang/Object;Ljava/lang/Object;Ljava/lang/Object;)I> (0x000000072e0a9540) thrown at [./open/src/hotspot/share/interpreter/link
Event: 2.875 Thread 0x000001da31450000 Exception <a 'java/lang/NoSuchMethodError'{0x000000072e0b4950}: java.lang.invoke.DirectMethodHandle$Holder.invokeSpecial(Ljava/lang/Object;Ljava/lang/Object;)V> (0x000000072e0b4950) thrown at [./open/src/hotspot/share/interpreter/linkResolver.cpp, line 77
Event: 2.912 Thread 0x000001da31450000 Exception <a 'java/lang/NoSuchMethodError'{0x000000072de61e68}: java.lang.invoke.DirectMethodHandle$Holder.invokeStatic(Ljava/lang/Object;Ljava/lang/Object;ILjava/lang/Object;)Ljava/lang/Object;> (0x000000072de61e68) thrown at [./open/src/hotspot/share/in
Event: 2.913 Thread 0x000001da31450000 Exception <a 'java/lang/NoSuchMethodError'{0x000000072de68938}: java.lang.invoke.Invokers$Holder.linkToTargetMethod(Ljava/lang/Object;ILjava/lang/Object;Ljava/lang/Object;)Ljava/lang/Object;> (0x000000072de68938) thrown at [./open/src/hotspot/share/interp
Event: 3.058 Thread 0x000001da57723800 Exception <a 'java/lang/NoSuchMethodError'{0x000000072f3908c0}: java.lang.invoke.DirectMethodHandle$Holder.invokeStaticInit(Ljava/lang/Object;)V> (0x000000072f3908c0) thrown at [./open/src/hotspot/share/interpreter/linkResolver.cpp, line 772]
Event: 3.063 Thread 0x000001da31450000 Exception <a 'java/lang/NoSuchMethodError'{0x000000072f204a68}: java.lang.invoke.Invokers$Holder.linkToTargetMethod(Ljava/lang/Object;Ljava/lang/Object;Ljava/lang/Object;Ljava/lang/Object;Ljava/lang/Object;Ljava/lang/Object;)Ljava/lang/Object;> (0x0000000
Event: 3.092 Thread 0x000001da55024000 Exception <a 'java/lang/NoSuchMethodError'{0x000000072f004218}: java.lang.invoke.DirectMethodHandle$Holder.invokeStatic(Ljava/lang/Object;Ljava/lang/Object;Ljava/lang/Object;Ljava/lang/Object;)V> (0x000000072f004218) thrown at [./open/src/hotspot/share/in

Events (10 events):
Event: 3.124 loading class org/netbeans/lib/profiler/wireprotocol/EventBufferDumpedCommand
Event: 3.124 loading class org/netbeans/lib/profiler/wireprotocol/EventBufferDumpedCommand done
Event: 3.128 Thread 0x000001da57723800 DEOPT PACKING pc=0x000001da39fed248 sp=0x000000bdeb2fb7c0
Event: 3.128 Thread 0x000001da57723800 DEOPT UNPACKING pc=0x000001da398e904e sp=0x000000bdeb2fac18 mode 0
Event: 3.130 Executing VM operation: GetAllStackTraces
Event: 3.131 Executing VM operation: GetAllStackTraces done
Event: 3.134 loading class org/netbeans/lib/profiler/wireprotocol/DumpResultsResponse
Event: 3.135 loading class org/netbeans/lib/profiler/wireprotocol/DumpResultsResponse done
Event: 3.138 loading class org/netbeans/lib/profiler/wireprotocol/GetMethodNamesForJMethodIdsCommand
Event: 3.138 loading class org/netbeans/lib/profiler/wireprotocol/GetMethodNamesForJMethodIdsCommand done


Dynamic libraries:
0x00007ff618420000 - 0x00007ff61842f000 	C:\Program Files\Java\jdk-11.0.9\bin\java.exe
0x00007ffe00aa0000 - 0x00007ffe00c90000 	C:\windows\SYSTEM32\ntdll.dll
0x00007ffe002e0000 - 0x00007ffe00392000 	C:\windows\System32\KERNEL32.DLL
0x00007ffdfdd00000 - 0x00007ffdfdfa5000 	C:\windows\System32\KERNELBASE.dll
0x00007ffdfe860000 - 0x00007ffdfe95a000 	C:\windows\System32\ucrtbase.dll
0x00007ffdee9d0000 - 0x00007ffdee9e8000 	C:\Program Files\Java\jdk-11.0.9\bin\jli.dll
0x00007ffdee820000 - 0x00007ffdee835000 	C:\Program Files\Java\jdk-11.0.9\bin\VCRUNTIME140.dll
0x00007ffdff410000 - 0x00007ffdff4b3000 	C:\windows\System32\ADVAPI32.dll
0x00007ffe00180000 - 0x00007ffe0021e000 	C:\windows\System32\msvcrt.dll
0x00007ffdff370000 - 0x00007ffdff407000 	C:\windows\System32\sechost.dll
0x00007ffdff110000 - 0x00007ffdff230000 	C:\windows\System32\RPCRT4.dll
0x00007ffe005d0000 - 0x00007ffe00764000 	C:\windows\System32\USER32.dll
0x00007ffdf08c0000 - 0x00007ffdf0b44000 	C:\windows\WinSxS\amd64_microsoft.windows.common-controls_6595b64144ccf1df_6.0.18362.1198_none_9e820b57e45ad92f\COMCTL32.dll
0x00007ffdfe740000 - 0x00007ffdfe761000 	C:\windows\System32\win32u.dll
0x00007ffdff4c0000 - 0x00007ffdff4e6000 	C:\windows\System32\GDI32.dll
0x00007ffdfeb50000 - 0x00007ffdfee85000 	C:\windows\System32\combase.dll
0x00007ffdfe960000 - 0x00007ffdfeaf6000 	C:\windows\System32\gdi32full.dll
0x00007ffdfda20000 - 0x00007ffdfdaa0000 	C:\windows\System32\bcryptPrimitives.dll
0x00007ffdfe770000 - 0x00007ffdfe80e000 	C:\windows\System32\msvcp_win.dll
0x00007ffdf5f80000 - 0x00007ffdf5f8a000 	C:\windows\SYSTEM32\VERSION.dll
0x00007ffdfee90000 - 0x00007ffdfeebe000 	C:\windows\System32\IMM32.DLL
0x00007ffdc5ef0000 - 0x00007ffdc5f8b000 	C:\Program Files\Java\jdk-11.0.9\bin\msvcp140.dll
0x00007ffd8f200000 - 0x00007ffd8fcf7000 	C:\Program Files\Java\jdk-11.0.9\bin\server\jvm.dll
0x00007ffe002d0000 - 0x00007ffe002d8000 	C:\windows\System32\PSAPI.DLL
0x00007ffdfb120000 - 0x00007ffdfb144000 	C:\windows\SYSTEM32\WINMM.dll
0x00007ffde6fe0000 - 0x00007ffde6fe9000 	C:\windows\SYSTEM32\WSOCK32.dll
0x00007ffdff230000 - 0x00007ffdff29f000 	C:\windows\System32\WS2_32.dll
0x00007ffdfb0f0000 - 0x00007ffdfb11d000 	C:\windows\SYSTEM32\WINMMBASE.dll
0x00007ffdfeb00000 - 0x00007ffdfeb4a000 	C:\windows\System32\cfgmgr32.dll
0x00007ffdfd980000 - 0x00007ffdfd991000 	C:\windows\System32\kernel.appcore.dll
0x00007ffdeea50000 - 0x00007ffdeea60000 	C:\Program Files\Java\jdk-11.0.9\bin\verify.dll
0x00007ffdfc310000 - 0x00007ffdfc504000 	C:\windows\SYSTEM32\DBGHELP.DLL
0x00007ffdef550000 - 0x00007ffdef57a000 	C:\windows\SYSTEM32\dbgcore.DLL
0x00007ffde3600000 - 0x00007ffde3628000 	C:\Program Files\Java\jdk-11.0.9\bin\java.dll
0x00007ffded5b0000 - 0x00007ffded5ba000 	C:\Program Files\Java\jdk-11.0.9\bin\jimage.dll
0x00007ffdea3a0000 - 0x00007ffdea3af000 	C:\Program Files\NetBeans-11.3\netbeans\profiler\lib\deployed\jdk16\windows-amd64\profilerinterface.dll
0x00007ffdea490000 - 0x00007ffdea4a6000 	C:\Program Files\Java\jdk-11.0.9\bin\zip.dll
0x00007ffdff5a0000 - 0x00007ffdffc87000 	C:\windows\System32\SHELL32.dll
0x00007ffe00220000 - 0x00007ffe002c9000 	C:\windows\System32\shcore.dll
0x00007ffdfdfb0000 - 0x00007ffdfe731000 	C:\windows\System32\windows.storage.dll
0x00007ffdfd9a0000 - 0x00007ffdfd9c3000 	C:\windows\System32\profapi.dll
0x00007ffdfd9d0000 - 0x00007ffdfda1a000 	C:\windows\System32\powrprof.dll
0x00007ffdfd950000 - 0x00007ffdfd960000 	C:\windows\System32\UMPDC.dll
0x00007ffe003a0000 - 0x00007ffe003f2000 	C:\windows\System32\shlwapi.dll
0x00007ffdfe810000 - 0x00007ffdfe827000 	C:\windows\System32\cryptsp.dll
0x00007ffde6a30000 - 0x00007ffde6a49000 	C:\Program Files\Java\jdk-11.0.9\bin\net.dll
0x00007ffdf2f90000 - 0x00007ffdf3080000 	C:\windows\SYSTEM32\WINHTTP.dll
0x00007ffdfd140000 - 0x00007ffdfd1a7000 	C:\windows\system32\mswsock.dll
0x00007ffde4010000 - 0x00007ffde4022000 	C:\Program Files\Java\jdk-11.0.9\bin\nio.dll
0x00007ffde9240000 - 0x00007ffde9249000 	C:\Program Files\Java\jdk-11.0.9\bin\management.dll
0x00007ffde9120000 - 0x00007ffde912b000 	C:\Program Files\Java\jdk-11.0.9\bin\management_ext.dll
0x00007ffdfccb0000 - 0x00007ffdfcce3000 	C:\windows\system32\rsaenh.dll
0x00007ffdfe830000 - 0x00007ffdfe856000 	C:\windows\System32\bcrypt.dll
0x00007ffdfd870000 - 0x00007ffdfd895000 	C:\windows\SYSTEM32\USERENV.dll
0x00007ffdfd780000 - 0x00007ffdfd78c000 	C:\windows\SYSTEM32\CRYPTBASE.dll
0x00007ffdfce50000 - 0x00007ffdfce8a000 	C:\windows\SYSTEM32\IPHLPAPI.DLL
0x00007ffe00770000 - 0x00007ffe00778000 	C:\windows\System32\NSI.dll
0x00007ffdfc0c0000 - 0x00007ffdfc0d6000 	C:\windows\SYSTEM32\dhcpcsvc6.DLL
0x00007ffdfc0a0000 - 0x00007ffdfc0bc000 	C:\windows\SYSTEM32\dhcpcsvc.DLL
0x00007ffdfce90000 - 0x00007ffdfcf5b000 	C:\windows\SYSTEM32\DNSAPI.dll
0x000001da31380000 - 0x000001da31383000 	D:\Programmes\javafx-sdk-11.0.2\bin\api-ms-win-core-console-l1-1-0.dll
0x000001da31390000 - 0x000001da31393000 	D:\Programmes\javafx-sdk-11.0.2\bin\api-ms-win-core-datetime-l1-1-0.dll
0x000001da313a0000 - 0x000001da313a3000 	D:\Programmes\javafx-sdk-11.0.2\bin\api-ms-win-core-debug-l1-1-0.dll
0x000001da313b0000 - 0x000001da313b3000 	D:\Programmes\javafx-sdk-11.0.2\bin\api-ms-win-core-errorhandling-l1-1-0.dll
0x000001da313c0000 - 0x000001da313c4000 	D:\Programmes\javafx-sdk-11.0.2\bin\api-ms-win-core-file-l1-1-0.dll
0x000001da313d0000 - 0x000001da313d3000 	D:\Programmes\javafx-sdk-11.0.2\bin\api-ms-win-core-file-l1-2-0.dll
0x000001da313e0000 - 0x000001da313e3000 	D:\Programmes\javafx-sdk-11.0.2\bin\api-ms-win-core-file-l2-1-0.dll
0x000001da313f0000 - 0x000001da313f3000 	D:\Programmes\javafx-sdk-11.0.2\bin\api-ms-win-core-handle-l1-1-0.dll
0x000001da31400000 - 0x000001da31403000 	D:\Programmes\javafx-sdk-11.0.2\bin\api-ms-win-core-heap-l1-1-0.dll
0x000001da31410000 - 0x000001da31413000 	D:\Programmes\javafx-sdk-11.0.2\bin\api-ms-win-core-interlocked-l1-1-0.dll
0x000001da57250000 - 0x000001da57253000 	D:\Programmes\javafx-sdk-11.0.2\bin\api-ms-win-core-libraryloader-l1-1-0.dll
0x000001da57260000 - 0x000001da57263000 	D:\Programmes\javafx-sdk-11.0.2\bin\api-ms-win-core-localization-l1-2-0.dll
0x000001da57270000 - 0x000001da57273000 	D:\Programmes\javafx-sdk-11.0.2\bin\api-ms-win-core-memory-l1-1-0.dll
0x000001da57280000 - 0x000001da57283000 	D:\Programmes\javafx-sdk-11.0.2\bin\api-ms-win-core-namedpipe-l1-1-0.dll
0x000001da57290000 - 0x000001da57293000 	D:\Programmes\javafx-sdk-11.0.2\bin\api-ms-win-core-processenvironment-l1-1-0.dll
0x000001da572a0000 - 0x000001da572a3000 	D:\Programmes\javafx-sdk-11.0.2\bin\api-ms-win-core-processthreads-l1-1-0.dll
0x000001da572b0000 - 0x000001da572b3000 	D:\Programmes\javafx-sdk-11.0.2\bin\api-ms-win-core-processthreads-l1-1-1.dll
0x000001da572c0000 - 0x000001da572c3000 	D:\Programmes\javafx-sdk-11.0.2\bin\api-ms-win-core-profile-l1-1-0.dll
0x000001da572d0000 - 0x000001da572d3000 	D:\Programmes\javafx-sdk-11.0.2\bin\api-ms-win-core-rtlsupport-l1-1-0.dll
0x000001da572e0000 - 0x000001da572e3000 	D:\Programmes\javafx-sdk-11.0.2\bin\api-ms-win-core-string-l1-1-0.dll
0x000001da572f0000 - 0x000001da572f3000 	D:\Programmes\javafx-sdk-11.0.2\bin\api-ms-win-core-synch-l1-1-0.dll
0x000001da57300000 - 0x000001da57303000 	D:\Programmes\javafx-sdk-11.0.2\bin\api-ms-win-core-synch-l1-2-0.dll
0x000001da57580000 - 0x000001da57583000 	D:\Programmes\javafx-sdk-11.0.2\bin\api-ms-win-core-sysinfo-l1-1-0.dll
0x000001da57590000 - 0x000001da57593000 	D:\Programmes\javafx-sdk-11.0.2\bin\api-ms-win-core-timezone-l1-1-0.dll
0x000001da58570000 - 0x000001da58573000 	D:\Programmes\javafx-sdk-11.0.2\bin\api-ms-win-core-util-l1-1-0.dll
0x000001da57310000 - 0x000001da57313000 	D:\Programmes\javafx-sdk-11.0.2\bin\api-ms-win-crt-conio-l1-1-0.dll
0x000001da57320000 - 0x000001da57324000 	D:\Programmes\javafx-sdk-11.0.2\bin\api-ms-win-crt-convert-l1-1-0.dll
0x000001da57330000 - 0x000001da57333000 	D:\Programmes\javafx-sdk-11.0.2\bin\api-ms-win-crt-environment-l1-1-0.dll
0x000001da57340000 - 0x000001da57343000 	D:\Programmes\javafx-sdk-11.0.2\bin\api-ms-win-crt-filesystem-l1-1-0.dll
0x000001da57350000 - 0x000001da57353000 	D:\Programmes\javafx-sdk-11.0.2\bin\api-ms-win-crt-heap-l1-1-0.dll
0x000001da57360000 - 0x000001da57363000 	D:\Programmes\javafx-sdk-11.0.2\bin\api-ms-win-crt-locale-l1-1-0.dll
0x000001da57370000 - 0x000001da57375000 	D:\Programmes\javafx-sdk-11.0.2\bin\api-ms-win-crt-math-l1-1-0.dll
0x000001da57380000 - 0x000001da57385000 	D:\Programmes\javafx-sdk-11.0.2\bin\api-ms-win-crt-multibyte-l1-1-0.dll
0x000001da57390000 - 0x000001da573a0000 	D:\Programmes\javafx-sdk-11.0.2\bin\api-ms-win-crt-private-l1-1-0.dll
0x000001da573a0000 - 0x000001da573a3000 	D:\Programmes\javafx-sdk-11.0.2\bin\api-ms-win-crt-process-l1-1-0.dll
0x000001da573b0000 - 0x000001da573b4000 	D:\Programmes\javafx-sdk-11.0.2\bin\api-ms-win-crt-runtime-l1-1-0.dll
0x000001da573c0000 - 0x000001da573c4000 	D:\Programmes\javafx-sdk-11.0.2\bin\api-ms-win-crt-stdio-l1-1-0.dll
0x000001da573d0000 - 0x000001da573d4000 	D:\Programmes\javafx-sdk-11.0.2\bin\api-ms-win-crt-string-l1-1-0.dll
0x000001da573e0000 - 0x000001da573e3000 	D:\Programmes\javafx-sdk-11.0.2\bin\api-ms-win-crt-time-l1-1-0.dll
0x000001da573f0000 - 0x000001da573f3000 	D:\Programmes\javafx-sdk-11.0.2\bin\api-ms-win-crt-utility-l1-1-0.dll
0x00007ffdc5000000 - 0x00007ffdc50fa000 	D:\Programmes\javafx-sdk-11.0.2\bin\ucrtbase.dll
0x00007ffde3860000 - 0x00007ffde3876000 	D:\Programmes\javafx-sdk-11.0.2\bin\vcruntime140.dll
0x00007ffdc5570000 - 0x00007ffdc5616000 	D:\Programmes\javafx-sdk-11.0.2\bin\msvcp140.dll
0x00007ffdcaec0000 - 0x00007ffdcaf11000 	D:\Programmes\javafx-sdk-11.0.2\bin\concrt140.dll
0x00007ffde2ec0000 - 0x00007ffde2ee3000 	D:\Programmes\javafx-sdk-11.0.2\bin\prism_d3d.dll
0x00007ffdf5d60000 - 0x00007ffdf5f27000 	C:\windows\system32\d3d9.dll
0x00007ffdfbdb0000 - 0x00007ffdfbddd000 	C:\windows\SYSTEM32\dwmapi.dll
0x00007ffdfc590000 - 0x00007ffdfc5b0000 	C:\windows\SYSTEM32\dxcore.dll
0x00007ffdfb980000 - 0x00007ffdfba19000 	C:\windows\system32\uxtheme.dll
0x00007ffdf6110000 - 0x00007ffdf62e8000 	C:\windows\System32\DriverStore\FileRepository\u0356148.inf_amd64_49a476cb3d4116cb\B355990\aticfx64.dll
0x00007ffddf100000 - 0x00007ffddf131000 	C:\windows\System32\DriverStore\FileRepository\u0356148.inf_amd64_49a476cb3d4116cb\B355990\atiu9p64.dll
0x00007ffdc88e0000 - 0x00007ffdc954a000 	C:\windows\System32\DriverStore\FileRepository\u0356148.inf_amd64_49a476cb3d4116cb\B355990\atiumd64.dll
0x00007ffe00470000 - 0x00007ffe005c7000 	C:\windows\System32\ole32.dll
0x0000000062c20000 - 0x00000000639c5000 	C:\windows\System32\DriverStore\FileRepository\u0356148.inf_amd64_49a476cb3d4116cb\B355990\atiumd6a.dll
0x00007ffdf36b0000 - 0x00007ffdf36de000 	C:\windows\SYSTEM32\amdihk64.dll
0x00007ffdcf7f0000 - 0x00007ffdcf835000 	D:\Programmes\javafx-sdk-11.0.2\bin\glass.dll
0x00007ffe00850000 - 0x00007ffe00920000 	C:\windows\System32\COMDLG32.dll
0x00007ffdff2a0000 - 0x00007ffdff365000 	C:\windows\System32\OLEAUT32.dll
0x00007ffe00920000 - 0x00007ffe00a55000 	C:\windows\System32\MSCTF.dll

dbghelp: loaded successfully - version: 4.0.5 - missing functions: none
symbol engine: initialized successfully - sym options: 0x614 - pdb path: .;C:\Program Files\Java\jdk-11.0.9\bin;C:\windows\SYSTEM32;C:\windows\WinSxS\amd64_microsoft.windows.common-controls_6595b64144ccf1df_6.0.18362.1198_none_9e820b57e45ad92f;C:\Program Files\Java\jdk-11.0.9\bin\server;C:\Program Files\NetBeans-11.3\netbeans\profiler\lib\deployed\jdk16\windows-amd64;D:\Programmes\javafx-sdk-11.0.2\bin;C:\windows\System32\DriverStore\FileRepository\u0356148.inf_amd64_49a476cb3d4116cb\B355990

VM Arguments:
jvm_args: -agentpath:C:/Program Files/NetBeans-11.3/netbeans/profiler/lib/deployed/jdk16/windows-amd64/profilerinterface.dll=C:\Program Files\NetBeans-11.3\netbeans\profiler\lib,5140,10 -XX:+HeapDumpOnOutOfMemoryError -XX:HeapDumpPath=C:\Users\faouz\AppData\Local\NetBeans\Cache\11.3\mavencachedirs\1801278252\org-netbeans-modules-profiler --module-path=D:\Programmes\javafx-sdk-11.0.2\lib --add-modules=javafx.controls,javafx.fxml 
java_command: deliverif.app.view.App
java_class_path (initial): D:\Documents\4IF\S1\PLD-AGILE\Projet\DELIVERIF\app\target\classes;C:\Temp\m2\repo\org\openjfx\javafx-fxml\11.0.2\javafx-fxml-11.0.2.jar;C:\Temp\m2\repo\org\openjfx\javafx-fxml\11.0.2\javafx-fxml-11.0.2-win.jar;C:\Temp\m2\repo\org\openjfx\javafx-controls\11.0.2\javafx-controls-11.0.2.jar;C:\Temp\m2\repo\org\openjfx\javafx-controls\11.0.2\javafx-controls-11.0.2-win.jar;C:\Temp\m2\repo\org\openjfx\javafx-graphics\11.0.2\javafx-graphics-11.0.2.jar;C:\Temp\m2\repo\org\openjfx\javafx-graphics\11.0.2\javafx-graphics-11.0.2-win.jar;C:\Temp\m2\repo\org\openjfx\javafx-base\11.0.2\javafx-base-11.0.2.jar;C:\Temp\m2\repo\org\openjfx\javafx-base\11.0.2\javafx-base-11.0.2-win.jar;C:\Temp\m2\repo\org\graphstream\gs-core\2.0\gs-core-2.0.jar;C:\Temp\m2\repo\org\graphstream\pherd\1.0\pherd-1.0.jar;C:\Temp\m2\repo\org\graphstream\gs-ui-javafx\2.0\gs-ui-javafx-2.0.jar
Launcher Type: SUN_STANDARD

[Global flags]
     intx CICompilerCount                          = 4                                         {product} {ergonomic}
     uint ConcGCThreads                            = 2                                         {product} {ergonomic}
     uint G1ConcRefinementThreads                  = 8                                         {product} {ergonomic}
   size_t G1HeapRegionSize                         = 1048576                                   {product} {ergonomic}
    uintx GCDrainStackTargetSize                   = 64                                        {product} {ergonomic}
     bool HeapDumpOnOutOfMemoryError               = true                                   {manageable} {command line}
    ccstr HeapDumpPath                             = C:\Users\faouz\AppData\Local\NetBeans\Cache\11.3\mavencachedirs\1801278252\org-netbeans-modules-profiler         {manageable} {command line}
   size_t InitialHeapSize                          = 234881024                                 {product} {ergonomic}
   size_t MarkStackSize                            = 4194304                                   {product} {ergonomic}
   size_t MaxHeapSize                              = 3737124864                                {product} {ergonomic}
   size_t MaxNewSize                               = 2241855488                                {product} {ergonomic}
   size_t MinHeapDeltaBytes                        = 1048576                                   {product} {ergonomic}
    uintx NonNMethodCodeHeapSize                   = 5836300                                {pd product} {ergonomic}
    uintx NonProfiledCodeHeapSize                  = 122910970                              {pd product} {ergonomic}
    uintx ProfiledCodeHeapSize                     = 122910970                              {pd product} {ergonomic}
    uintx ReservedCodeCacheSize                    = 251658240                              {pd product} {ergonomic}
     bool SegmentedCodeCache                       = true                                      {product} {ergonomic}
     bool UseCompressedClassPointers               = true                                 {lp64_product} {ergonomic}
     bool UseCompressedOops                        = true                                 {lp64_product} {ergonomic}
     bool UseG1GC                                  = true                                      {product} {ergonomic}
     bool UseLargePagesIndividualAllocation        = false                                  {pd product} {ergonomic}

Logging:
Log output configuration:
 #0: stdout all=warning uptime,level,tags
 #1: stderr all=off uptime,level,tags

Environment Variables:
JAVA_HOME=C:\Program Files\Java\jdk-11.0.9
PATH=C:\Program Files\Common Files\Oracle\Java\javapath;C:\Python38\Scripts\;C:\Python38\;C:\ProgramData\Oracle\Java\javapath;C:\Program Files (x86)\Common Files\Oracle\Java\javapath;C:\windows\system32;C:\windows;C:\windows\System32\Wbem;C:\windows\System32\WindowsPowerShell\v1.0\;C:\windows\System32\OpenSSH\;C:\Program Files (x86)\NVIDIA Corporation\PhysX\Common;C:\Program Files\NVIDIA Corporation\NVIDIA NvDLISR;C:\Program Files\MATLAB\R2019b\bin;D:\Programmes\nodejs\;C:\ProgramData\chocolatey\bin;C:\Program Files\MATLAB\R2020a\bin;C:\Program Files\swipl\bin;C:\Program Files\Git\cmd;C:\Program Files\Java\javafx-sdk-11.0.2\bin;C:\Program Files\Java\jdk1.8.0_102\bin;C:\Program Files\Common Files\Oracle\Java\javapath;C:\Python38\Scripts\;C:\Python38\;C:\ProgramData\Oracle\Java\javapath;C:\Program Files (x86)\Common Files\Oracle\Java\javapath;C:\windows\system32;C:\windows;C:\windows\System32\Wbem;C:\windows\System32\WindowsPowerShell\v1.0\;C:\windows\System32\OpenSSH\;C:\Program Files (x86)\NVIDIA Corporation\PhysX\Common;C:\Program Files\NVIDIA Corporation\NVIDIA NvDLISR;C:\Program Files\MATLAB\R2019b\bin;D:\Programmes\nodejs\;C:\ProgramData\chocolatey\bin;C:\Program Files\MATLAB\R2020a\bin;C:\Program Files\swipl\bin;C:\Program Files\Git\cmd;C:\Program Files\Java\javafx-sdk-11.0.2\bin;;C:\Users\faouz\AppData\Roaming\TinyTeX\bin\win32;C:\Users\faouz\AppData\Roaming\npm;C:\FFMPEG\bin;;D:\Programmes\Microsoft VS Code\bin
USERNAME=faouz
OS=Windows_NT
PROCESSOR_IDENTIFIER=AMD64 Family 23 Model 24 Stepping 1, AuthenticAMD



---------------  S Y S T E M  ---------------

OS: Windows 10 , 64 bit Build 18362 (10.0.18362.1110)

CPU:total 8 (initial active 8) (8 cores per cpu, 2 threads per core) family 23 model 24 stepping 1, cmov, cx8, fxsr, mmx, sse, sse2, sse3, ssse3, sse4.1, sse4.2, popcnt, avx, avx2, aes, clmul, mmxext, 3dnowpref, lzcnt, sse4a, ht, tsc, tscinvbit, tscinv, bmi1, bmi2, adx, sha, fma

Memory: 4k page, system-wide physical 14253M (6427M free)
TotalPageFile size 19466M (AvailPageFile size 5149M)
current process WorkingSet (physical memory assigned to process): 116M, peak: 116M
current process commit charge ("private bytes"): 367M, peak: 369M

vm_info: Java HotSpot(TM) 64-Bit Server VM (11.0.9+7-LTS) for windows-amd64 JRE (11.0.9+7-LTS), built on Sep 15 2020 16:47:03 by "mach5one" with MS VC++ 15.9 (VS2017)

END.
